{'tokens': [{'address': '7MngpMpTGNcPhp3apQ6gr8xDTJn4QvP1gfbudcr9FZEy',
             'decimals': 9,
             'lastTradeUnixTime': 1711996297,
             'liquidity': 2725.190591385265,
             'logoURI': 'https://img.fotofolio.xyz/?url=https%3A%2F%2Fipfs.io%2Fipfs%2FQmWNA2akdUDTCY77hSVoDVfAogJsEbuKe6mgdQ5yNzeWwd',
             'mc': 2204.535432501585,
             'name': 'DigiDoge',
             'symbol': 'DDC',
             'v24hChangePercent': 92710055984.49236,
             'v24hUSD': 186.52914342247286},
            {'address': 'YQ6z4NgXN6qGJBQjnfkgFwZPnpkH2BsxepqWA1nQsvR',
             'decimals': 6,
             'lastTradeUnixTime': 1711992616,
             'liquidity': 467.3263826365983,
             'logoURI': 'https://img.fotofolio.xyz/?url=https%3A%2F%2Fbafkreicmltwkdqqm4ohblxk2ksl57u27mvjxvdy7xlbwq5ebfijnp4qwoi.ipfs.nftstorage.link',
             'mc': 79405.21014339036,
             'name': 'peri-peri',
             'symbol': 'PERI',
             'v24hChangePercent': 18260406067.6018,
             'v24hUSD': 247.61137325348716},
            {'address': '2gDeZVQt4Ef22sfQLW8VtbLt1ydQacKbpjUtXKjXh1mw',
             'decimals': 6,
             'lastTradeUnixTime': 1711997785,
             'liquidity': 385.7050141177747,
             'logoURI': 'https://img.fotofolio.xyz/?url=https%3A%2F%2Fbafkreignvwpzcjcb45hn5tc7gg4g5x4rx2mdjigysidu7rni2saeo4sspi.ipfs.nftstorage.link',
             'mc': 7768.93557868305,
             'name': 'GOD IS A DOG',
             'symbol': 'GODDOG',
             'v24hChangePercent': 1487958058.8440208,
             'v24hUSD': 8146.62053128624},
            {'address': 'B4EuV36WsMGZU9Zat6RQh4WFPE3VhrYqZ2wtK7LinSW3',
             'decimals': 6,
             'lastTradeUnixTime': 1711953734,
             'liquidity': 0,
             'logoURI': 'https://bafkreibrsxaclrl3qnnk7bjjsye4lxxmksgyo6sk7aqxockq2sn67tpk5m.ipfs.nftstorage.link',
             'mc': None,
             'name': None,
             'symbol': None,
             'v24hChangePercent': 639238339.858014,
             'v24hUSD': 0.020426729539826993},
            {'address': '9rBkzMh2LcP4inUpcwoi5CdKonCUV75x4JBZz85jjxf5',
             'decimals': 6,
             'lastTradeUnixTime': 1711993551,
             'liquidity': 0,
             'logoURI': 'https://img.fotofolio.xyz/?url=https%3A%2F%2Fbafkreigx3ry367ihi34p2prlbvxsxc4ybjbrlif2n3sgssrpcbwxkeqckq.ipfs.nftstorage.link',
             'mc': 46.389199709399094,
             'name': 'BELUGA WIF HAT',
             'symbol': 'BELUWIF',
             'v24hChangePercent': 443174008.0035064,
             'v24hUSD': 0.6154787188031676},
            {'address': 'Hy7SBPp7ceYJydZUkWc9T4xUHh7bV59m3oyr9t8it7S9',
             'decimals': 9,
             'lastTradeUnixTime': 1711913863,
             'liquidity': 0,
             'logoURI': 'https://img.fotofolio.xyz/?url=https%3A%2F%2Fbafkreig4zop6o7rj5gb3cxmm4hn46abidb6xd2hvymma6a6mxi5eixq2gm.ipfs.nftstorage.link',
             'mc': 911.6917788048096,
             'name': 'CAT PEPE',
             'symbol': 'CATEPE',
             'v24hChangePercent': 407520589.0797035,
             'v24hUSD': 4.58862226071},
            {'address': 'DCjMQHWFhDtyL7E13SXvTUBGfwXcgYRSk6KmgbeJYpKF',
             'decimals': 9,
             'lastTradeUnixTime': 1711970720,
             'liquidity': 0,
             'logoURI': 'https://img.fotofolio.xyz/?url=https%3A%2F%2Fbafkreihhnmabrgewrvvq7jpbrj4zb7m7c3bjx4m2c3krkqwwv36o4lpska.ipfs.nftstorage.link',
             'mc': 628.9174583557879,
             'name': 'nubfrog',
             'symbol': 'nubfrog',
             'v24hChangePercent': 403477025.5407832,
             'v24hUSD': 928.4669719124644},
            {'address': 'FETUkotArY9ERgjpTYSPjMYf9H5nMC5bitLiEW64Sc7y',
             'decimals': 6,
             'lastTradeUnixTime': 1711982330,
             'liquidity': 7473.071567069594,
             'logoURI': 'https://img.fotofolio.xyz/?url=https%3A%2F%2Fcf-ipfs.com%2Fipfs%2FQmZDELs8nuv8JWuU5yD7nR8cSSL1iVr2PMCNSn6Q4LHJcS',
             'mc': 4287.505944212619,
             'name': 'JEWIFHAT',
             'symbol': 'JWIF',
             'v24hChangePercent': 249030422.28159523,
             'v24hUSD': 2.5864809831399693},
            {'address': '2ka62cVS4ejuKAzgPcnhpaobnBr4q4kVREigtkx1A1TC',
             'decimals': 6,
             'lastTradeUnixTime': 1711971591,
             'liquidity': 0,
             'logoURI': 'https://gateway.irys.xyz/2GeApgC0E901HFHPzBhWpmrSG-aQGg6WuLM9oE79TYo',
             'mc': 12.619793507640912,
             'name': None,
             'symbol': None,
             'v24hChangePercent': 243333934.80294064,
             'v24hUSD': 83068.35619400024},
            {'address': '8w9bxPwBSUQvSCHosVqJciFc77JBEmNm9tdFZQ22xKqJ',
             'decimals': 9,
             'lastTradeUnixTime': 1711914472,
             'liquidity': 0,
             'logoURI': 'https://img.fotofolio.xyz/?url=https%3A%2F%2Fbafybeie3z7bc6jxl6leyvbeps42ll466uopn4sjze4vwclu6hbd6kuzvy4.ipfs.nftstorage.link%2F',
             'mc': None,
             'name': 'Pink guy',
             'symbol': 'JOJI',
             'v24hChangePercent': 225033450.79673854,
             'v24hUSD': 0.024160180683681906},
            {'address': 'A7WKhbY2BCPc3QMTUCHxECey63eCRpRRFV4XuKNg2Dm1',
             'decimals': 9,
             'lastTradeUnixTime': 1711963316,
             'liquidity': 1538.1230636277521,
             'logoURI': 'https://img.fotofolio.xyz/?url=https%3A%2F%2Fbonkdonalds.com%2Fassets%2Fimages%2F128x128.png',
             'mc': 823.4514094924564,
             'name': "BONK DONALD'S",
             'symbol': 'MCBONK',
             'v24hChangePercent': 211955197.1417249,
             'v24hUSD': 25.902390527583744},
            {'address': '6s7mSxzmrsrHSEmSZUZYu8H6G5RcNeLRktFismMA7an4',
             'decimals': 8,
             'lastTradeUnixTime': 1711971180,
             'liquidity': 2034.5153572581087,
             'logoURI': 'https://img.fotofolio.xyz/?url=https%3A%2F%2Fgateway.irys.xyz%2FtmlHG7LOasDP7iOHFdpOJZZEJThy4RcWrexhUlwh5Y8',
             'mc': 1104.9279784686162,
             'name': 'el dogo',
             'symbol': 'ELDOGO',
             'v24hChangePercent': 206630184.6054331,
             'v24hUSD': 4322.003535119091},
            {'address': 'DJL5FFypPnvgJdNxmAQKjMzhQuPrtjeSeMax8tSJppr6',
             'decimals': 6,
             'lastTradeUnixTime': 1711952752,
             'liquidity': 7196.353230721159,
             'logoURI': 'https://img.fotofolio.xyz/?url=https%3A%2F%2Fcf-ipfs.com%2Fipfs%2FQmYpY9tVmiEfR6X5Tm2nH2xkbCqZkJp4y1SBuduusvFhhG',
             'mc': 3950.8391841209523,
             'name': 'Spooderpeg',
             'symbol': 'SPEG',
             'v24hChangePercent': 193743536.44925904,
             'v24hUSD': 1.9979400242371046},
            {'address': '2EH4kQC3QHHP5qVDiMRFgourwgcRX3Tu4QdSpaNwfdYD',
             'decimals': 5,
             'lastTradeUnixTime': 1711997895,
             'liquidity': 6096.980995756157,
             'logoURI': 'https://img.fotofolio.xyz/?url=https%3A%2F%2Fbafybeigybpiby7y62t7mdoff6cwwuoqz3mqlvxq4y7e3exrvpnjyc4aa5y.ipfs.w3s.link%2Fogape_logo850x850.png',
             'mc': 8202.524425194226,
             'name': 'Original Gangsta Ape Under Radar',
             'symbol': 'OGAPE',
             'v24hChangePercent': 186827902.2317376,
             'v24hUSD': 64640.4951598746},
            {'address': 'AamCqorNkNPyZqtt4GGKAMtD8jZWpdciYYwfBEmkNZPy',
             'decimals': 6,
             'lastTradeUnixTime': 1711959561,
             'liquidity': 6951.823814639218,
             'logoURI': 'https://img.fotofolio.xyz/?url=https%3A%2F%2Fcf-ipfs.com%2Fipfs%2FQmaJpVkK7RwyVqemLWophFsD4dnozHtoDnq4jJxsLN5kEM',
             'mc': 3740.7960575130246,
             'name': 'SolMeet',
             'symbol': 'Meet',
             'v24hChangePercent': 151462660.0165607,
             'v24hUSD': 4.965581997190037},
            {'address': '27EKwe5bNLnXdYmUesk2ZRprE8p6LNb5GzjQe3T9tyDa',
             'decimals': 9,
             'lastTradeUnixTime': 1711977151,
             'liquidity': 0,
             'logoURI': 'https://img.fotofolio.xyz/?url=https%3A%2F%2Fbafkreibjzv3tdpc2dvs2kygd4af6fyvikz2qpodxyv5stvysluwoz6eoha.ipfs.nftstorage.link',
             'mc': 4.203554947917291,
             'name': 'ARBITRUM',
             'symbol': '$ARB',
             'v24hChangePercent': 102200268.61787277,
             'v24hUSD': 0.20628689558649246},
            {'address': 'DXH9oApDA8b1U7ExJvTRrevMeQRxHWQ79pr9Lz9PMiKj',
             'decimals': 8,
             'lastTradeUnixTime': 1711993184,
             'liquidity': 0,
             'logoURI': 'https://img.fotofolio.xyz/?url=https%3A%2F%2Fbafkreibhtdgoeec6rsuvyxmin4c2acz6zpctvv7z2be5dczcczldij5uuu.ipfs.nftstorage.link',
             'mc': 1252.4901469768622,
             'name': 'NVIBIA',
             'symbol': 'NVBA',
             'v24hChangePercent': 91927594.74974547,
             'v24hUSD': 0.455365976860585},
            {'address': '66bid6js3FXuZncHj7J2mWL3Xio4ghydaCDVCg79JC66',
             'decimals': 9,
             'lastTradeUnixTime': 1711953972,
             'liquidity': 0,
             'logoURI': 'https://img.fotofolio.xyz/?url=https%3A%2F%2Fgateway.irys.xyz%2FdzfaRYrLmVVqTboTjh_TX1kbxojo7tVcxxYHlwM7Pgs',
             'mc': 60.06978284384802,
             'name': 'Ikea Meatballs',
             'symbol': 'MEATBALL',
             'v24hChangePercent': 71234087.03138724,
             'v24hUSD': 0.23399932183472924},
            {'address': '7Qa2akY1iGkzcp1vnqcxheTFYVYZ7wAkYUdnqcnG86si',
             'decimals': 9,
             'lastTradeUnixTime': 1711998282,
             'liquidity': 0,
             'logoURI': 'https://img.fotofolio.xyz/?url=https%3A%2F%2Fpbs.twimg.com%2Fprofile_images%2F1709583423210139648%2FX1m1U_bK_400x400.jpg',
             'mc': 394731.43352035305,
             'name': 'U SELL U GAY',
             'symbol': 'USUG',
             'v24hChangePercent': 65505432.300235,
             'v24hUSD': 527.3930038615878},
            {'address': 'HQfMKdYLMsBij2y4Zmwkx1L2dEupn12drC5fcjzbQkKn',
             'decimals': 9,
             'lastTradeUnixTime': 1711996746,
             'liquidity': 2026.4163666173554,
             'logoURI': 'https://img.fotofolio.xyz/?url=https%3A%2F%2Fpurple-obedient-catfish-240.mypinata.cloud%2Fipfs%2FQmeEAJy4a8qbq5ViNebLqkzfHoHeBbj95f2T9G2TxkLTM8',
             'mc': 1210.5352341058915,
             'name': 'Tremp Thru KHole',
             'symbol': 'KHREMP',
             'v24hChangePercent': 49909015.377863765,
             'v24hUSD': 65.27886086864011},
            {'address': 'HoZTuffVHNhY7rKn1Lme1RoFtqLk76DdSsZ39hp3dnaF',
             'decimals': 9,
             'lastTradeUnixTime': 1711987412,
             'liquidity': 0,
             'logoURI': 'https://img.fotofolio.xyz/?url=https%3A%2F%2Fbafkreiejrs7yqscttm4cphccgvnk34ntkwmctwozfgyvvscqsl47en65ky.ipfs.nftstorage.link',
             'mc': 1213.0336090144108,
             'name': 'SMOLE',
             'symbol': 'SMOLE',
             'v24hChangePercent': 46427578.68294014,
             'v24hUSD': 20.027686602633175},
            {'address': '6SB2a8nYrpg6e6Zqf4PBQQLppVoDAgbp6Fysdy3W7cJS',
             'decimals': 9,
             'lastTradeUnixTime': 1711997508,
             'liquidity': 5915.757396905631,
             'logoURI': 'https://img.fotofolio.xyz/?url=https%3A%2F%2Fcdn.discordapp.com%2Fattachments%2F1216406910253797519%2F1216717081295454271%2Funnamed_2.jpg%3Fex%3D66016715%26is%3D65eef215%26hm%3D4a0299eaae8ae2538344ac5d41ef18be80679b5ccaa0fd26b2d0c7f516ccbeee%26',
             'mc': 18249.905071271598,
             'name': 'Disney ',
             'symbol': 'DISNEY',
             'v24hChangePercent': 38651808.29557988,
             'v24hUSD': 165888.2300760022},
            {'address': 'NvjnWGcum1NV7Hz8zJNDKnSuTvpWHPmpjuzZCwmdmKa',
             'decimals': 9,
             'lastTradeUnixTime': 1711982251,
             'liquidity': 0,
             'logoURI': 'https://img.fotofolio.xyz/?url=https%3A%2F%2Fbafkreiaofpwnqiep2ahfkpk4qpda5b6lwchhg2tj2nho45jlva34mfnbzq.ipfs.nftstorage.link',
             'mc': 30.403623957014695,
             'name': 'BookWifBag',
             'symbol': '$BookBag',
             'v24hChangePercent': 37439944.202118374,
             'v24hUSD': 1.967056154204216},
            {'address': '9fr37zWt5gcEpfsG1P99de9PsMkfz8GvuXVRBaXkm1t9',
             'decimals': 6,
             'lastTradeUnixTime': 1711993334,
             'liquidity': 0,
             'logoURI': 'https://img.fotofolio.xyz/?url=https%3A%2F%2Fbafkreid4ou7fha2jnqkl4wphxrc2ot3s6emplbi3lh6c2j22o5rjc373ai.ipfs.nftstorage.link',
             'mc': None,
             'name': 'da matrix is aftr me',
             'symbol': 'endrewtati',
             'v24hChangePercent': 33498965.82797722,
             'v24hUSD': 0.01131211808499361},
            {'address': 'EqXGwGSQJ9482f5Rt7u9k8sf6XhzxBnKYdWashDNEUUY',
             'decimals': 6,
             'lastTradeUnixTime': 1711993564,
             'liquidity': 0,
             'logoURI': 'https://img.fotofolio.xyz/?url=https%3A%2F%2Fbafkreicdl2naocu4oazdk5iuznuxraxl5fl7y2r7ichxv4z23qhp4q6hgy.ipfs.nftstorage.link',
             'mc': 31395.75510445641,
             'name': 'BABYMEW',
             'symbol': '$BABYMEW',
             'v24hChangePercent': 30209137.17922975,
             'v24hUSD': 23.102946186760647},
            {'address': 'Gzrj89BW2c68Do76mZBfifwyhWsT2hpjhbZyhW1cmKNV',
             'decimals': 9,
             'lastTradeUnixTime': 1711993725,
             'liquidity': 0,
             'logoURI': 'https://img.fotofolio.xyz/?url=https%3A%2F%2Fbafkreihmimrqnbukbhcmgms3e2eyizj44fqhjjwkydefmhijzacusayh2a.ipfs.nftstorage.link%2F',
             'mc': 111.3498517485211,
             'name': 'Costco Rotisserie Chicken',
             'symbol': 'CHICKEN',
             'v24hChangePercent': 29760008.640950195,
             'v24hUSD': 0.18450152253381105},
            {'address': '5rUJPMSGpeVzGFXTz9PsUuYe2azSvc6UzirA85rUj6nB',
             'decimals': 9,
             'lastTradeUnixTime': 1711917327,
             'liquidity': 400773.48897347914,
             'logoURI': 'https://img.fotofolio.xyz/?url=https%3A%2F%2Fbafkreifl4ewvrjjwsrfztrrjkrsxkljdfhtorjjdm6ya3bijegqfaxadaq.ipfs.nftstorage.link',
             'mc': 217184.5686562233,
             'name': 'Solhero Finance',
             'symbol': 'HERO',
             'v24hChangePercent': 28880115.234728817,
             'v24hUSD': 11801.737793416134},
            {'address': '5dQ7dGbCMv6C6uFeZn2pxWDaAngAQSTsgH2u47uZkt8p',
             'decimals': 6,
             'lastTradeUnixTime': 1711928708,
             'liquidity': 0,
             'logoURI': 'https://img.fotofolio.xyz/?url=https%3A%2F%2Fbafybeidlqdjat4yuimwsfevgyvxqqzu24hpgtw6hekd7dagcz4kl6roqxu.ipfs.nftstorage.link',
             'mc': 7.888556961967299,
             'name': 'WifKuma',
             'symbol': 'WIFKUMA',
             'v24hChangePercent': 28107192.603357624,
             'v24hUSD': 10.756350785389031},
            {'address': 'HTv5KrXk5VZHaUpdXMSNkhrvE5DpJZdPQLfispxWohhP',
             'decimals': 6,
             'lastTradeUnixTime': 1711990619,
             'liquidity': 0,
             'logoURI': 'https://img.fotofolio.xyz/?url=https%3A%2F%2Fgateway.irys.xyz%2FHCpS1hp4pVstjSJsOczZ_dRgqueURtErUH1rBjhQH54',
             'mc': 89371.33048120413,
             'name': 'Majestic Memory',
             'symbol': 'MEMO',
             'v24hChangePercent': 17471698.174097832,
             'v24hUSD': 97440.09449014209},
            {'address': 'Fr9gvkQv83peX9TPh4f8Bp91onfWR5d9HDZKeyMKCamb',
             'decimals': 6,
             'lastTradeUnixTime': 1711917216,
             'liquidity': 1921.2876290047811,
             'logoURI': 'https://img.fotofolio.xyz/?url=https%3A%2F%2Fgxnzkqvqkjnhjzznlyne742u2fxmujngyeon6oho43tglkwkz3pa.arweave.net%2FNduVQrBSWnTnLV4aT_NU0W7KJabBHN847ubmZarKzt4',
             'mc': 1194.0610331277055,
             'name': 'Blockbuster',
             'symbol': '$BLOCK',
             'v24hChangePercent': 17290797.014841374,
             'v24hUSD': 98.82271156335524},
            {'address': 'GLq6LKSVC1prUyzWqEMaT8mnso3cStfWGxiMTcuc2iGR',
             'decimals': 8,
             'lastTradeUnixTime': 1711992420,
             'liquidity': 1696.2526249612795,
             'logoURI': 'https://img.fotofolio.xyz/?url=https%3A%2F%2Fbafkreic4butg46kubhk4dy7kxu5i4lpvhubskm6bu57xdlndh5txm7rbzy.ipfs.nftstorage.link',
             'mc': 1056.8266363209602,
             'name': 'Pixar Lamp',
             'symbol': 'PIXAR',
             'v24hChangePercent': 15763237.284291334,
             'v24hUSD': 4.5096820137131015},
            {'address': 'DGpqgp9muRq5dSvyYHqLTSF4EaPJ6CKNUaMy73smSR21',
             'decimals': 9,
             'lastTradeUnixTime': 1711941608,
             'liquidity': 2396.0301201813445,
             'logoURI': 'https://img.fotofolio.xyz/?url=https%3A%2F%2Fi.ibb.co%2FjTrGbGm%2Fcropped-6154419.png',
             'mc': 1461.1932212926145,
             'name': 'Playboy',
             'symbol': 'PBOY',
             'v24hChangePercent': 14741710.87236437,
             'v24hUSD': 40.476095095843185},
            {'address': 'GdjZs9xEeM1btPVLCPkp7A6XmVwbwxD4xSASJMbrueXv',
             'decimals': 9,
             'lastTradeUnixTime': 1711997676,
             'liquidity': 0,
             'logoURI': 'https://img.fotofolio.xyz/?url=https%3A%2F%2Fbafkreiarbwsobhuftclh7ayv34baudywfo2tj7i77ht3d754kcns2mmxru.ipfs.nftstorage.link',
             'mc': 631.4510141304244,
             'name': 'COCO',
             'symbol': 'COCO',
             'v24hChangePercent': 12472731.251483355,
             'v24hUSD': 1.8720830843508587},
            {'address': 'FADkDoBB1xijKVBpJ553UoAW9EGmSRTuVWAtBWdDNSAm',
             'decimals': 9,
             'lastTradeUnixTime': 1711934037,
             'liquidity': 0,
             'logoURI': 'https://img.fotofolio.xyz/?url=https%3A%2F%2Fquicknode.quicknode-ipfs.com%2Fipfs%2FQmX1a9sWXxE6WKefuaLK78CuHpEyY1NacSD7eAMzFpg12k',
             'mc': 2.9621316557518362,
             'name': 'smolecoin',
             'symbol': 'smole',
             'v24hChangePercent': 12124000.525502196,
             'v24hUSD': 0.26209490796936286},
            {'address': 'GTWLvjYJygUcfaPLsaW2egTABv5UypbDQjojnf9jUWTy',
             'decimals': 9,
             'lastTradeUnixTime': 1711997897,
             'liquidity': 6465.30262275361,
             'logoURI': 'https://img.fotofolio.xyz/?url=https%3A%2F%2Fipfs.io%2Fipfs%2FQmUdQe7shYV5a6PziW9eEKqSFHqfCaMGqsLY28W25euif9',
             'mc': 10413.677901990917,
             'name': 'Baby Yoda',
             'symbol': 'YODA',
             'v24hChangePercent': 10263688.560544554,
             'v24hUSD': 14053.940350622835},
            {'address': '2RUAVySQcuvnJEYc8M5jKvxd4sDisGWLrnBzdR7vneMr',
             'decimals': 9,
             'lastTradeUnixTime': 1711997667,
             'liquidity': 0,
             'logoURI': 'https://img.fotofolio.xyz/?url=https%3A%2F%2Fbafkreigjnqyjj3dtik3kcvnxfpioemnt5lo664pgmu55lkmcoq4fb5ks4y.ipfs.nftstorage.link',
             'mc': 356.249250756883,
             'name': 'Moonke',
             'symbol': 'MOONKE',
             'v24hChangePercent': 10071634.262577984,
             'v24hUSD': 1.8670097116184958},
            {'address': '71fAhEoAQiLyRVkMyimGwNvd6HhHpaWUYrpGgik6seAA',
             'decimals': 9,
             'lastTradeUnixTime': 1711977299,
             'liquidity': 0,
             'logoURI': 'https://img.fotofolio.xyz/?url=https%3A%2F%2Fbafkreiem3x67xta7bw6brovlngdntzynp22sqdhsg4lp65st7hedmvngb4.ipfs.nftstorage.link',
             'mc': None,
             'name': 'GameBeef',
             'symbol': 'GB',
             'v24hChangePercent': 9410026.389588019,
             'v24hUSD': 0.06283905486197816},
            {'address': 'DZUyS4RppXNuCDSCetWx8iCwM5sFAY53gyRCwYijPjFJ',
             'decimals': 6,
             'lastTradeUnixTime': 1711977771,
             'liquidity': 0,
             'logoURI': 'https://img.fotofolio.xyz/?url=https%3A%2F%2Fbafkreig4uu2ykmk5av2v3k2lp3y7u23vzor3iou54ixdk76qmuq6y426du.ipfs.nftstorage.link',
             'mc': None,
             'name': 'REDLON MUSK',
             'symbol': 'TESLA',
             'v24hChangePercent': 9048242.982659843,
             'v24hUSD': 0.006488997644149055},
            {'address': 'sQVLLLzhiaZYeAn2xu2sBu1TU4RX5Wq2xLesCyDEQyK',
             'decimals': 6,
             'lastTradeUnixTime': 1711992628,
             'liquidity': 0,
             'logoURI': 'https://img.fotofolio.xyz/?url=https%3A%2F%2Fbafkreiaadicxev5faky2bpebwdaycsyogjvacymzhhwz2kqvjsdazwqfyq.ipfs.nftstorage.link',
             'mc': None,
             'name': 'PDIDDY',
             'symbol': 'PDIDDY',
             'v24hChangePercent': 8302260.039940701,
             'v24hUSD': 0.015340186783866257},
            {'address': '9gXAomSBkQTL3tZHPQveBoXKRNQ3AdDDGsmjbDneF6Ne',
             'decimals': 9,
             'lastTradeUnixTime': 1711993353,
             'liquidity': 0,
             'logoURI': 'https://img.fotofolio.xyz/?url=https%3A%2F%2Fbafybeigujdazkawpcjqtccrcpqorccx6z7y6ssozbd4isur454ytskdrfa.ipfs.nftstorage.link',
             'mc': 27.307350101560885,
             'name': ' Pump It Up',
             'symbol': ' PUMP',
             'v24hChangePercent': 7962958.473734418,
             'v24hUSD': 412.9086681129538},
            {'address': '3zUdxYBjHWhdbcZ1L44JZeGNPmfwPHtBoaZRc8DCUBoA',
             'decimals': 9,
             'lastTradeUnixTime': 1711934925,
             'liquidity': 883.0430573429829,
             'logoURI': 'https://img.fotofolio.xyz/?url=https%3A%2F%2Fipfs.io%2Fipfs%2FQmbN4hqqrnnFnXfHcH36GM3gyPf8ijkB9vgqxWuKaq8Vaq',
             'mc': 765.189877884022,
             'name': 'Yodex',
             'symbol': 'YO',
             'v24hChangePercent': 7922506.110280124,
             'v24hUSD': 814.302128018905},
            {'address': 'cujtgAweqDGQU5Z8hxhR4et6opgqVxykgvV2hyBX4oG',
             'decimals': 8,
             'lastTradeUnixTime': 1711973521,
             'liquidity': 1966.5784255704718,
             'logoURI': 'https://img.fotofolio.xyz/?url=https%3A%2F%2Fgateway.irys.xyz%2FPMiwdTz3R3qlt_850OsML_gOhbH3H29GDWCf41tvGPs',
             'mc': 2012.3293842490518,
             'name': 'CoinMarketCat',
             'symbol': 'CMC',
             'v24hChangePercent': 7799027.243503949,
             'v24hUSD': 401.89348906310875},
            {'address': '3mkAVFQtb1Wk374Wy27juNrBtQ8G1cdRERuqGMX1k8zt',
             'decimals': 9,
             'lastTradeUnixTime': 1711993261,
             'liquidity': 0,
             'logoURI': 'https://img.fotofolio.xyz/?url=https%3A%2F%2Fbafkreibrg66nqyv23obiuqq3f4jg5tizhrfb6nilltu4gngyr7rdlvldni.ipfs.nftstorage.link',
             'mc': 67.46318536759662,
             'name': 'VladWifHat',
             'symbol': '$VWH',
             'v24hChangePercent': 7205175.543057668,
             'v24hUSD': 0.12192573205652521},
            {'address': '2kdKMZoUG8GT9Be4KLnqfuLDk8skD4k15h35nYBA4ykD',
             'decimals': 6,
             'lastTradeUnixTime': 1711995873,
             'liquidity': 6624.744821777795,
             'logoURI': 'https://img.fotofolio.xyz/?url=https%3A%2F%2Fbafkreibmkf4vfazgit3foqpjt6svod6x5vxxptzwjyt3uvpcmku2oeocm4.ipfs.nftstorage.link',
             'mc': 15520468.678750705,
             'name': 'Yuck Buck',
             'symbol': 'YBK',
             'v24hChangePercent': 7171712.25893775,
             'v24hUSD': 1301.7729925307297},
            {'address': '99NfmNKJyEq3kmLvcr4zURiVbfW7FS3YNbFnffMqgs9f',
             'decimals': 6,
             'lastTradeUnixTime': 1711953700,
             'liquidity': 0,
             'logoURI': 'https://bafkreiffgd2wbh7if6ctmbtzju22hyaljpktzqkypsjlq32d5lpxwoc5zm.ipfs.nftstorage.link',
             'mc': None,
             'name': None,
             'symbol': None,
             'v24hChangePercent': 6917182.062758992,
             'v24hUSD': 0.027809164577689543},
            {'address': '2VqBZa5uYPqDGD7PrscSEg2LGgCWc3q4xFz4Asze7VzH',
             'decimals': 6,
             'lastTradeUnixTime': 1711993282,
             'liquidity': 0,
             'logoURI': 'https://img.fotofolio.xyz/?url=https%3A%2F%2Fbafkreibxbuweuxicsszfingccc6tfvu4ijciqm6hyn27krmtjkphtgpkem.ipfs.nftstorage.link',
             'mc': None,
             'name': 'Book of Shiba',
             'symbol': 'BOSHI',
             'v24hChangePercent': 6692257.237940947,
             'v24hUSD': 0.012466128728139611},
            {'address': 'Ffj949Dps5e9U8CsGd9cFf7QewL2ktzxcawh4Bs4utHE',
             'decimals': 6,
             'lastTradeUnixTime': 1711922822,
             'liquidity': 0,
             'logoURI': 'https://img.fotofolio.xyz/?url=https%3A%2F%2Fbafkreiajdr3lz7idxkupsbe3t2hq5fcb7o3pskcaehk2bsxah5zrfjenei.ipfs.nftstorage.link',
             'mc': None,
             'name': 'AutoSol Trader',
             'symbol': 'AUTOS',
             'v24hChangePercent': 6485177.843084455,
             'v24hUSD': 0.11161608536218856},
            {'address': 'HJdiokZNdvatPR8PUQCXyoMWfnruJibTTbhYuHqhma7G',
             'decimals': 6,
             'lastTradeUnixTime': 1711981909,
             'liquidity': 2305.056954424506,
             'logoURI': 'https://img.fotofolio.xyz/?url=https%3A%2F%2Fbafybeidzce6ltdwfabywsjwrzfpmn62wlnehhd5zeadyek5jf36jnrf7ny.ipfs.nftstorage.link',
             'mc': 1191.911622045822,
             'name': 'The Book of War',
             'symbol': 'BOW',
             'v24hChangePercent': 5982432.129357419,
             'v24hUSD': 3632.283932769586},
            {'address': '5VC1DFqgWSTSrBnbB86WM8rdYs4qDmXHzBNhgjtJ1sKo',
             'decimals': 6,
             'lastTradeUnixTime': 1711977012,
             'liquidity': 7002.723689347482,
             'logoURI': 'https://img.fotofolio.xyz/?url=https%3A%2F%2Fcf-ipfs.com%2Fipfs%2FQmWJ1Z8iskF7umk2AWYQEJMaWQC4mmVA8nU9FLLpHbQxV4',
             'mc': None,
             'name': 'NetTap',
             'symbol': 'NETTAP',
             'v24hChangePercent': 5314539.196554639,
             'v24hUSD': 0.09811476205968277},
            {'address': '9L1mwiRyhrvoUKsbuyNDU6hVni2f2np9r3dcY3hg2PX4',
             'decimals': 9,
             'lastTradeUnixTime': 1711975766,
             'liquidity': 0,
             'logoURI': 'https://img.fotofolio.xyz/?url=https%3A%2F%2Fipfs.io%2Fipfs%2FQmSKpCfehkwaGES8LEhaYBjCePPowgMjHXnw2tmvsaARFo',
             'mc': 16108.789396279373,
             'name': 'TrumpWifiHat',
             'symbol': 'TRUMPWIF',
             'v24hChangePercent': 5234605.1340600075,
             'v24hUSD': 6.32543312658716}],
 'total': 260730,
 'updateTime': '2024-04-01T19:29:09',
 'updateUnixTime': 1711999749}
