[{'24h_change_percent': -100,
  '24h_usd_volume': 0,
  'market_cap': 338695.91081794625,
  'name': 'SideEyeSeal',
  'symbol': 'SES'},
 {'24h_change_percent': 47.639926255690355,
  '24h_usd_volume': 5771.418752080421,
  'market_cap': 338385.9874255311,
  'name': 'MOONLANA',
  'symbol': 'MOLA'},
 {'24h_change_percent': -34.44688657074133,
  '24h_usd_volume': 1704.6282050799678,
  'market_cap': 338155.4126566501,
  'name': 'Waggle Network',
  'symbol': 'WAG'},
 {'24h_change_percent': -100,
  '24h_usd_volume': 0,
  'market_cap': 337880.2539554846,
  'name': 'EyesFi Ghost',
  'symbol': 'GHOST'},
 {'24h_change_percent': -99.68790651460014,
  '24h_usd_volume': 0.09084619512416,
  'market_cap': 337807.12954107084,
  'name': 'JEWPANDA',
  'symbol': 'JEWPANDA'},
 {'24h_change_percent': 570.5562110645861,
  '24h_usd_volume': 43924.53836350668,
  'market_cap': 337233.35026445275,
  'name': 'Piscivore App',
  'symbol': 'SOCIAL'},
 {'24h_change_percent': -99.31312328722028,
  '24h_usd_volume': 0.0018881661703910786,
  'market_cap': 336466.2912644294,
  'name': 'CATDOG',
  'symbol': 'CATDOG'},
 {'24h_change_percent': 65.70953174819974,
  '24h_usd_volume': 26626.866521662763,
  'market_cap': 335779.3706374647,
  'name': 'Solana Classic',
  'symbol': 'SCLASSIC'},
 {'24h_change_percent': 30758.72959543545,
  '24h_usd_volume': 372875.3773548105,
  'market_cap': 335440.03510586737,
  'name': 'Please be patient, I have autism',
  'symbol': 'TISM'},
 {'24h_change_percent': -42.274700917759695,
  '24h_usd_volume': 31347.481639052094,
  'market_cap': 334372.3990476325,
  'name': 'Elan Mosk',
  'symbol': 'MOSK'},
 {'24h_change_percent': 57.45634869330257,
  '24h_usd_volume': 7.259835894984919,
  'market_cap': 333509.7895328665,
  'name': 'only molly ',
  'symbol': 'omy'},
 {'24h_change_percent': 17155.639325052587,
  '24h_usd_volume': 18236.578470869656,
  'market_cap': 331122.26354289654,
  'name': 'The Doge NFT (Wormhole)',
  'symbol': 'DOG'},
 {'24h_change_percent': -41.52810045640353,
  '24h_usd_volume': 20693.26974299921,
  'market_cap': 330769.73856999725,
  'name': 'andew mate',
  'symbol': 'GTOP'},
 {'24h_change_percent': 21.979550160684937,
  '24h_usd_volume': 48287.70136190983,
  'market_cap': 330183.0140488193,
  'name': 'Beef',
  'symbol': 'BEEF'},
 {'24h_change_percent': 35.32237368192834,
  '24h_usd_volume': 26377.877601937613,
  'market_cap': 330159.6605035281,
  'name': 'Alex The Parrot',
  'symbol': 'PARROT'},
 {'24h_change_percent': 20.081485701591713,
  '24h_usd_volume': 56235.4884903618,
  'market_cap': 329914.2158112558,
  'name': 'Top MEME',
  'symbol': 'TMEME'},
 {'24h_change_percent': -61.162326187621666,
  '24h_usd_volume': 2026.7334759999999,
  'market_cap': 329667.0286769238,
  'name': 'Tether USD (Wormhole)',
  'symbol': 'USDT'},
 {'24h_change_percent': 7.326418194378816,
  '24h_usd_volume': 68300.43618128907,
  'market_cap': 329211.4896082867,
  'name': 'AVAX (Allbridge from Avalanche)',
  'symbol': 'AVAX'},
 {'24h_change_percent': -99.97025904293179,
  '24h_usd_volume': 0.07870914542362664,
  'market_cap': 329171.8877259907,
  'name': 'Solana Wet Ass Titties',
  'symbol': 'SWAT'},
 {'24h_change_percent': 50.61086499791633,
  '24h_usd_volume': 43.05887880812528,
  'market_cap': 329075.175173658,
  'name': 'Honey',
  'symbol': '$HONEY'},
 {'24h_change_percent': -51.92472233455354,
  '24h_usd_volume': 205459.583356972,
  'market_cap': 327963.12259640545,
  'name': 'COSTCO PIZZA',
  'symbol': 'PIZZA'},
 {'24h_change_percent': -83.60011450016243,
  '24h_usd_volume': 19515.99969505784,
  'market_cap': 326479.1724488511,
  'name': '$SOLDOUT',
  'symbol': '$SOLD'},
 {'24h_change_percent': 154.7896788586367,
  '24h_usd_volume': 24991.934800693674,
  'market_cap': 326409.9510045773,
  'name': 'TIME Magazine of Solana',
  'symbol': 'TIME'},
 {'24h_change_percent': -28.584785162201737,
  '24h_usd_volume': 61442.10503356074,
  'market_cap': 325614.3776269447,
  'name': 'BETTI',
  'symbol': '$BETTI'},
 {'24h_change_percent': -15.866316090717842,
  '24h_usd_volume': 2307.709206665151,
  'market_cap': 325129.3673865631,
  'name': 'DevWifHat',
  'symbol': 'DWH'},
 {'24h_change_percent': 83.49247723026656,
  '24h_usd_volume': 8092.961130469058,
  'market_cap': 324367.2283647918,
  'name': 'Redlion',
  'symbol': 'RED'},
 {'24h_change_percent': -20.41767614509374,
  '24h_usd_volume': 163914.53721875744,
  'market_cap': 324358.5966208189,
  'name': 'long boi',
  'symbol': 'long'},
 {'24h_change_percent': -80.08778991542502,
  '24h_usd_volume': 0.19896745975897615,
  'market_cap': 323608.27276028245,
  'name': 'Photon',
  'symbol': 'PHOTON'},
 {'24h_change_percent': None,
  '24h_usd_volume': 11.169151731086622,
  'market_cap': 323219.38807379996,
  'name': 'book of pepe',
  'symbol': 'bope'},
 {'24h_change_percent': -5.830938731255504,
  '24h_usd_volume': 24426.474437529985,
  'market_cap': 322952.75061587634,
  'name': 'The OG Cheems Inu',
  'symbol': 'OGCINU'},
 {'24h_change_percent': -31.869685202785746,
  '24h_usd_volume': 38447.313172655355,
  'market_cap': 322407.6242132607,
  'name': 'DatorAI',
  'symbol': 'DATOR'},
 {'24h_change_percent': -13.557795770019979,
  '24h_usd_volume': 607.0376727406037,
  'market_cap': 321913.3089674256,
  'name': 'Millionaires Club',
  'symbol': 'MLC'},
 {'24h_change_percent': 431158.9261744967,
  '24h_usd_volume': 44.11692266319979,
  'market_cap': 320121.265811554,
  'name': 'orbitt_ai',
  'symbol': 'Orbitt'},
 {'24h_change_percent': -100,
  '24h_usd_volume': 0,
  'market_cap': 319429.59098830336,
  'name': 'TOTO',
  'symbol': 'TOTO'},
 {'24h_change_percent': 12353.77834745388,
  '24h_usd_volume': 604740.578676239,
  'market_cap': 318988.5301361949,
  'name': 'BookOfDerp',
  'symbol': 'BODE'},
 {'24h_change_percent': -75.59628878679403,
  '24h_usd_volume': 5587.440285169634,
  'market_cap': 318539.4530128851,
  'name': 'Pepe',
  'symbol': 'PEPE'},
 {'24h_change_percent': None,
  '24h_usd_volume': 0.773107674063881,
  'market_cap': 318521.36896290083,
  'name': 'wen',
  'symbol': 'WEN'},
 {'24h_change_percent': -15.827364977050987,
  '24h_usd_volume': 167224.21773487772,
  'market_cap': 318451.5428912157,
  'name': 'PumpClub',
  'symbol': 'PUMPCLUB'},
 {'24h_change_percent': -34.799635304017954,
  '24h_usd_volume': 2502.2204265922187,
  'market_cap': 318252.35634639306,
  'name': 'Cogent SOL',
  'symbol': 'cgntSOL'},
 {'24h_change_percent': -66.09444924821275,
  '24h_usd_volume': 47430.20327317038,
  'market_cap': 317968.14755057916,
  'name': None,
  'symbol': None},
 {'24h_change_percent': -94.05489175301649,
  '24h_usd_volume': 0.03967915657665928,
  'market_cap': 317334.8661559049,
  'name': 'try',
  'symbol': 'try'},
 {'24h_change_percent': -45.92598328544737,
  '24h_usd_volume': 31922.645948920825,
  'market_cap': 317246.1469205903,
  'name': 'Shepe',
  'symbol': 'SHEPE'},
 {'24h_change_percent': -34.28056126171477,
  '24h_usd_volume': 1404858.4250690248,
  'market_cap': 316028.65803997405,
  'name': 'Roaring Kitty',
  'symbol': 'KITTY'},
 {'24h_change_percent': -18.023610751845872,
  '24h_usd_volume': 454869.28197567933,
  'market_cap': 315440.84416977735,
  'name': 'Frog Cat',
  'symbol': 'FC'},
 {'24h_change_percent': None,
  '24h_usd_volume': 41.67152354497382,
  'market_cap': 315376.68077101005,
  'name': 'BabyCatWifHat',
  'symbol': 'BabyCatWifHat'},
 {'24h_change_percent': -71.17296666293952,
  '24h_usd_volume': 375.615994,
  'market_cap': 315342.992465741,
  'name': 'Uniswap (Wormhole)',
  'symbol': 'UNI'},
 {'24h_change_percent': None,
  '24h_usd_volume': 315.2423511788105,
  'market_cap': 313594.5073247001,
  'name': 'NvidiaWifHat',
  'symbol': 'NVIDIA'},
 {'24h_change_percent': -35.590935859397945,
  '24h_usd_volume': 17021.303739,
  'market_cap': 312284.58060953795,
  'name': 'USD Coin (PoS) (Wormhole)',
  'symbol': 'USDC'},
 {'24h_change_percent': -43.08288731045194,
  '24h_usd_volume': 7023.565642105115,
  'market_cap': 311573.804053167,
  'name': 'Piggy Bank',
  'symbol': 'PIGGY'},
 {'24h_change_percent': None,
  '24h_usd_volume': 677.7525671092491,
  'market_cap': 310769.08442346344,
  'name': 'watermelonCat',
  'symbol': 'Catmelon'},
 {'24h_change_percent': -3.3253431237131648,
  '24h_usd_volume': 14174.75600057626,
  'market_cap': 310376.48456818203,
  'name': 'yourmom',
  'symbol': 'yourmom'},
 {'24h_change_percent': -83.25829835244349,
  '24h_usd_volume': 56290.49428113901,
  'market_cap': 308821.6547050493,
  'name': 'Flux Terminal ',
  'symbol': 'FLUXT'},
 {'24h_change_percent': 78.90789350161646,
  '24h_usd_volume': 1648.700985553814,
  'market_cap': 308740.71826471214,
  'name': 'TREX',
  'symbol': 'TREX'},
 {'24h_change_percent': -93.2859335764073,
  '24h_usd_volume': 3967.7320120771938,
  'market_cap': 308601.8285476141,
  'name': 'SHOLANA THE KOALA',
  'symbol': 'SHOL'},
 {'24h_change_percent': -100,
  '24h_usd_volume': 0,
  'market_cap': 308508.7721346017,
  'name': 'OWL EYE',
  'symbol': 'OWL'},
 {'24h_change_percent': -2.4441539610557963,
  '24h_usd_volume': 182321.37994245192,
  'market_cap': 307444.1531273955,
  'name': 'Kamala Horris',
  'symbol': 'KAMA'},
 {'24h_change_percent': None,
  '24h_usd_volume': 712.5342747570958,
  'market_cap': 307408.14892729634,
  'name': 'Shironeko Cat',
  'symbol': 'Shironeko'},
 {'24h_change_percent': -99.98910000502656,
  '24h_usd_volume': 0.0019292454679891095,
  'market_cap': 307369.5304577012,
  'name': 'Halal Cat',
  'symbol': 'HALALCAT'},
 {'24h_change_percent': -26.838647354387135,
  '24h_usd_volume': 58841.40369277644,
  'market_cap': 306695.535388008,
  'name': 'SAFEMOON',
  'symbol': 'SAFEMOON'},
 {'24h_change_percent': -99.9996242818092,
  '24h_usd_volume': 1.3698670481579175e-06,
  'market_cap': 306647.31480959564,
  'name': 'JIZZ',
  'symbol': 'JIZZ'},
 {'24h_change_percent': -84.09401046103777,
  '24h_usd_volume': 257.0720930523805,
  'market_cap': 306612.86628645496,
  'name': 'CrabDogeDance',
  'symbol': 'CDDE'},
 {'24h_change_percent': None,
  '24h_usd_volume': 18.99003716818042,
  'market_cap': 306488.9617092408,
  'name': 'nyan cat',
  'symbol': 'nyanc'},
 {'24h_change_percent': -28.17941866026742,
  '24h_usd_volume': 53905.36644916292,
  'market_cap': 306342.22691052995,
  'name': 'Book of Whales',
  'symbol': 'BOWE'},
 {'24h_change_percent': -67.13532192221335,
  '24h_usd_volume': 220369.0922530421,
  'market_cap': 305545.0383718978,
  'name': 'Ikea Meatballs',
  'symbol': 'IKEA'},
 {'24h_change_percent': -97.42627526410213,
  '24h_usd_volume': 0.0010123808523913275,
  'market_cap': 305387.8484730791,
  'name': 'Magic Meth Internet Money',
  'symbol': 'MMIM'},
 {'24h_change_percent': 20.923798687280275,
  '24h_usd_volume': 20305.161987629668,
  'market_cap': 305161.9574319087,
  'name': 'monkewifhat',
  'symbol': '$MIF'},
 {'24h_change_percent': -35.874646049684266,
  '24h_usd_volume': 61.607166687025405,
  'market_cap': 304933.08021256747,
  'name': 'DeFi',
  'symbol': 'DEFI'},
 {'24h_change_percent': 51.00162244301838,
  '24h_usd_volume': 1207.963912058109,
  'market_cap': 304188.744479984,
  'name': 'F1 Coin',
  'symbol': 'F1COIN'},
 {'24h_change_percent': 149.6344607651344,
  '24h_usd_volume': 67067.36057379835,
  'market_cap': 303740.6212655183,
  'name': 'TRIAL',
  'symbol': 'TRIAL'},
 {'24h_change_percent': 48.27580718773068,
  '24h_usd_volume': 14.573102,
  'market_cap': 302779.42725715414,
  'name': 'Tiny Colony',
  'symbol': 'TINY'},
 {'24h_change_percent': 5.261141592130893,
  '24h_usd_volume': 56812.274741141264,
  'market_cap': 302755.2802531069,
  'name': 'i dont know',
  'symbol': 'IDK'},
 {'24h_change_percent': -74.85827262981844,
  '24h_usd_volume': 179294.04123699933,
  'market_cap': 302230.40460623853,
  'name': 'Siu ',
  'symbol': 'SIU'},
 {'24h_change_percent': -99.6235657792985,
  '24h_usd_volume': 0.001525452304729261,
  'market_cap': 301711.3668105962,
  'name': 'Your moms coin',
  'symbol': 'YMC'},
 {'24h_change_percent': 11.25149452786535,
  '24h_usd_volume': 12415.746548528661,
  'market_cap': 300623.1838677164,
  'name': 'Dog Of Wisdom',
  'symbol': 'WISDM'},
 {'24h_change_percent': None,
  '24h_usd_volume': 7141797.803187408,
  'market_cap': 300075.12525939377,
  'name': 'Lil Cat',
  'symbol': 'LILCAT'}]
