{'tokens': [{'address': 'EwmypSpsQk77ifmfy28ra1aN31ybxqWP3pcF7dYLps5y',
             'decimals': 6,
             'lastTradeUnixTime': 1712018158,
             'liquidity': 66206.3564453516,
             'logoURI': 'https://img.fotofolio.xyz/?url=https%3A%2F%2Fgateway.irys.xyz%2Fy2eXwvbcJtGqHXUhGwLe1tfbgwHacf1SvRgTMVA3jnA',
             'mc': 295891.61959656887,
             'name': 'tincatcoin',
             'symbol': 'TIN',
             'v24hChangePercent': -75.15290398902036,
             'v24hUSD': 1852.2456322777134},
            {'address': 'q44HnFacxUsEyY2ytQuKhtezT5pLAyttzPTUfs252ob',
             'decimals': 9,
             'lastTradeUnixTime': 1712005935,
             'liquidity': 773.4214624562595,
             'logoURI': None,
             'mc': 295882.1387866931,
             'name': 'WeNeedCZback',
             'symbol': 'WNCZ',
             'v24hChangePercent': 6871.238910839442,
             'v24hUSD': 1.5668836093935243},
            {'address': 'JAQG1kY6qGTmDtbL9hjHERxGnm7fwVp1n4Ecefez1bYz',
             'decimals': 9,
             'lastTradeUnixTime': 1712019502,
             'liquidity': 575742.9517710542,
             'logoURI': 'https://img.fotofolio.xyz/?url=https%3A%2F%2Fbafkreiee3cqfuuojjvp6fmp7av45fxbokpnc25qzezmjxlymkjofx3hs2i.ipfs.nftstorage.link',
             'mc': 294993.63436203724,
             'name': 'Bibi on SOL',
             'symbol': '$BIBI',
             'v24hChangePercent': -95.40855467821945,
             'v24hUSD': 2425.2148952281223},
            {'address': 'AsktR1RW2CBUur42FAzJecMmx73XuQUB7STNPiCjesKb',
             'decimals': 9,
             'lastTradeUnixTime': 1712022154,
             'liquidity': 11000.833942827467,
             'logoURI': 'https://img.fotofolio.xyz/?url=https%3A%2F%2Fipfs.io%2Fipfs%2FQmQDV2gmvuzPXn6oicakkwvFueA9sob8hb121oiT3eGAbg',
             'mc': 294333.6844788657,
             'name': 'DistractedBoyf',
             'symbol': 'BOYF',
             'v24hChangePercent': 134.49544073678018,
             'v24hUSD': 114732.93637474158},
            {'address': 'DkYUdfekaw6ZadPqzAMqLUfNog2B9DZUNT8yPuVKytnZ',
             'decimals': 9,
             'lastTradeUnixTime': 1711980175,
             'liquidity': 0,
             'logoURI': 'https://bafkreigkq7ndlb6pbmqb42abmlfihj6o3ixdt7py4646ja654rgj36ui7y.ipfs.nftstorage.link',
             'mc': 293971.088575425,
             'name': None,
             'symbol': None,
             'v24hChangePercent': None,
             'v24hUSD': 0.1967960434635199},
            {'address': 'GPzvszRyF6Dr3EwiQMokd7d8mKWykfv8SCWrB9hQjb6y',
             'decimals': 9,
             'lastTradeUnixTime': 1712023576,
             'liquidity': 54197.99702669284,
             'logoURI': 'https://img.fotofolio.xyz/?url=https%3A%2F%2Fipfs.io%2Fipfs%2FQmT3uFdfATzQH4thu4EsGGffQLx3NxziDeM9rESE9FwTmf',
             'mc': 293290.484043931,
             'name': 'Cecil The Lion',
             'symbol': 'CECIL',
             'v24hChangePercent': -76.26520631510775,
             'v24hUSD': 6797.436281965491},
            {'address': '6wdbFQAxDVwUdJrZEnnzgPzsZ1NruvLhf9qCvmSD5DLX',
             'decimals': 6,
             'lastTradeUnixTime': 1712021711,
             'liquidity': 135801.15638964143,
             'logoURI': 'https://img.fotofolio.xyz/?url=https%3A%2F%2Fipfs.io%2Fipfs%2FQmWPQHhRAgsztGEME1TCauuGeyeo7ZhAHY1ShJTx5no9NF',
             'mc': 292743.24985591124,
             'name': 'NEKO',
             'symbol': 'NEKO',
             'v24hChangePercent': -24.660903060576448,
             'v24hUSD': 80971.97236169502},
            {'address': '6VNKqgz9hk7zRShTFdg5AnkfKwZUcojzwAkzxSH3bnUm',
             'decimals': 9,
             'lastTradeUnixTime': 1712002077,
             'liquidity': 2868.7761358597845,
             'logoURI': 'https://img.fotofolio.xyz/?url=https%3A%2F%2Fraw.githubusercontent.com%2Fsolana-labs%2Ftoken-list%2Fmain%2Fassets%2Fmainnet%2F6VNKqgz9hk7zRShTFdg5AnkfKwZUcojzwAkzxSH3bnUm%2Flogo.png',
             'mc': 292701.52145105775,
             'name': 'Wrapped HAPI',
             'symbol': 'wHAPI',
             'v24hChangePercent': -51.01889260663609,
             'v24hUSD': 118.40251699999999},
            {'address': '3Cbeq3CNJgxKdT17v8dhRfVFLXyuvPY95Zt6jXXjUkiM',
             'decimals': 6,
             'lastTradeUnixTime': 1711991093,
             'liquidity': 1672.3588537956139,
             'logoURI': 'https://img.fotofolio.xyz/?url=https%3A%2F%2Fbafkreicrupdje6zz2fmhwwwpm4xuof4dl6fxhdf7eytm4lk2w5d7rut5wm.ipfs.nftstorage.link',
             'mc': 292565.0538132816,
             'name': 'Efferium',
             'symbol': 'EFFERIUM',
             'v24hChangePercent': None,
             'v24hUSD': 2.6687573379521687},
            {'address': '6hBry7w55A3NXDAXxjKqrx3oXfAatNkAJUSGt66ZRsZk',
             'decimals': 6,
             'lastTradeUnixTime': 1712020851,
             'liquidity': 215728.10118660142,
             'logoURI': 'https://img.fotofolio.xyz/?url=https%3A%2F%2Fbafkreieur42wdbsrrlglcz6kp55kruavaxisd25o42fnydemcvp5qulf2i.ipfs.nftstorage.link',
             'mc': 292260.00415071327,
             'name': 'Sandy',
             'symbol': 'SANDY',
             'v24hChangePercent': 0.6531832214459599,
             'v24hUSD': 2055.396252874056},
            {'address': 'FunEaVysxMdrCvyspzZx9onqUG1o9ghj65mpzybAD4AU',
             'decimals': 6,
             'lastTradeUnixTime': 1712023401,
             'liquidity': 64621.4737863731,
             'logoURI': 'https://img.fotofolio.xyz/?url=https%3A%2F%2Fbafkreicem5elevaxqdsh3sprhuddot2xubjbm7ucd3van3ena3sszffjty.ipfs.nftstorage.link',
             'mc': 292109.87463225704,
             'name': 'VINE',
             'symbol': 'VINE',
             'v24hChangePercent': -37.14461574558165,
             'v24hUSD': 12793.444630981016},
            {'address': '2bdyMUC4FZRQBxoVnWbZ6KxW5JE1whzhBo632ZpkdGLS',
             'decimals': 9,
             'lastTradeUnixTime': 1712021777,
             'liquidity': 28983.72870385228,
             'logoURI': 'https://img.fotofolio.xyz/?url=https%3A%2F%2Fbafybeiei7ams25bqhlwihynokze5pf2kff3gky67jcb26epwnslzb6hpzi.ipfs.nftstorage.link',
             'mc': 291935.46612950077,
             'name': 'Block Bounce',
             'symbol': 'Bounce',
             'v24hChangePercent': 991.1263622525199,
             'v24hUSD': 123907.35410651677},
            {'address': '58UC31xFjDJhv1NnBF73mtxcsxN92SWjhYRzbfmvDREJ',
             'decimals': 6,
             'lastTradeUnixTime': 1712023717,
             'liquidity': 103384.55472285542,
             'logoURI': 'https://img.fotofolio.xyz/?url=https%3A%2F%2Fbafkreifeca3dywn4p43ucvzq5r6xf6swijbpbpa4zl5by3kvduzbhovypy.ipfs.nftstorage.link',
             'mc': 291545.2478555897,
             'name': 'HODL',
             'symbol': 'HODL',
             'v24hChangePercent': -77.21081971812221,
             'v24hUSD': 2758.793570950784},
            {'address': '9gr84rGyLvVasmqXvj65njjUgKyBemKWSJsvijTPmcQz',
             'decimals': 9,
             'lastTradeUnixTime': 1712021191,
             'liquidity': 107.87011850693067,
             'logoURI': 'https://img.fotofolio.xyz/?url=https%3A%2F%2Fbafybeifjnoxnugstzszyj5wukzoiqvhtqocwpwfv55uqfvqjegq2bha7sm.ipfs.nftstorage.link',
             'mc': 290970.8615416153,
             'name': 'potato',
             'symbol': 'POTATO',
             'v24hChangePercent': -78.7642806965861,
             'v24hUSD': 139715.6291050537},
            {'address': '9mV4WUukVsva5wYcYW4veo34CNDiF44sh3Ji65JNdvh5',
             'decimals': 8,
             'lastTradeUnixTime': 1712022157,
             'liquidity': 218693.477962693,
             'logoURI': None,
             'mc': 290965.45241127064,
             'name': 'Elephant Money Stable (Wormhole)',
             'symbol': 'TRUNK',
             'v24hChangePercent': -55.869157552375,
             'v24hUSD': 7091.357173974984},
            {'address': 'ARzhbvqp2F5kE2rcSLdrecYmxG6Gu87ntNazx99UvPKt',
             'decimals': 9,
             'lastTradeUnixTime': 1711974583,
             'liquidity': 0,
             'logoURI': 'https://imgur.fotofolio.xyz/?url=https%3A%2F%2Fi.imgur.com%2FgfHyXwq.png',
             'mc': 290964.9197568468,
             'name': 'HOPCAT',
             'symbol': 'HOPCAT',
             'v24hChangePercent': -96.37407490103544,
             'v24hUSD': 0.04157543698555226},
            {'address': 'H7Qc9APCWWGDVxGD5fJHmLTmdEgT9GFatAKFNg6sHh8A',
             'decimals': 9,
             'lastTradeUnixTime': 1712021066,
             'liquidity': 16178.903189559916,
             'logoURI': 'https://img.fotofolio.xyz/?url=https%3A%2F%2Foogi.com%2Ficon.png',
             'mc': 290480.2686792649,
             'name': 'OOGI',
             'symbol': 'OOGI',
             'v24hChangePercent': -74.11551118769549,
             'v24hUSD': 3690.7792280569224},
            {'address': 'SoLW9muuNQmEAoBws7CWfYQnXRXMVEG12cQhy6LE2Zf',
             'decimals': 9,
             'lastTradeUnixTime': 1712012252,
             'liquidity': 13763.834735703738,
             'logoURI': 'https://img.fotofolio.xyz/?url=https%3A%2F%2Farweave.net%2FGe3yd9dtBrUiMhowuk6Pv6-ie-vryJUFN6e6XrEugj8%3Fext%3Dpng',
             'mc': 290351.10726883955,
             'name': 'Amulet Staked SOL (amtSOL)',
             'symbol': 'amtSOL',
             'v24hChangePercent': -90.69524495196403,
             'v24hUSD': 22.55525335814119},
            {'address': '92duWsgrsVxVCqiyufSXD4yXPAj17C7bKnTP6Mv8iYya',
             'decimals': 9,
             'lastTradeUnixTime': 1711999953,
             'liquidity': 0,
             'logoURI': 'https://img.fotofolio.xyz/?url=https%3A%2F%2Ftinybeecards.com%2Fcdn%2Fshop%2Fproducts%2Fil_fullxfull.5102169923_6bye_1024x1024.jpg%3Fv%3D1688433001',
             'mc': 289743.1086548106,
             'name': 'CatBonk',
             'symbol': 'Chonk',
             'v24hChangePercent': None,
             'v24hUSD': 0.17255212812839987},
            {'address': '7zsyKPseRpEsEpiK6ZdhTMqUtVVWuX6vs3uWTgWU1kkZ',
             'decimals': 6,
             'lastTradeUnixTime': 1712004087,
             'liquidity': 0,
             'logoURI': 'https://img.fotofolio.xyz/?url=https%3A%2F%2Fbafkreihvxebzjgx4j6rgjdsd3shsogqmv77exibauld5wr2sb7cebk3v5e.ipfs.nftstorage.link',
             'mc': 289672.40640786383,
             'name': 'mferWIF',
             'symbol': '$mferWIF',
             'v24hChangePercent': -77.39021681367161,
             'v24hUSD': 1.063370673195226},
            {'address': '6Y7LbYB3tfGBG6CSkyssoxdtHb77AEMTRVXe8JUJRwZ7',
             'decimals': 6,
             'lastTradeUnixTime': 1712018255,
             'liquidity': 31048.837388045475,
             'logoURI': 'https://img.fotofolio.xyz/?url=https%3A%2F%2Fraw.githubusercontent.com%2Fsolana-labs%2Ftoken-list%2Fmain%2Fassets%2Fmainnet%2F6Y7LbYB3tfGBG6CSkyssoxdtHb77AEMTRVXe8JUJRwZ7%2Flogo.png',
             'mc': 289524.9116942938,
             'name': 'DINO',
             'symbol': 'DINO',
             'v24hChangePercent': 344.272154238534,
             'v24hUSD': 5755.155861354635},
            {'address': '9V4x6ikFm9XKsnh3TiYJWPwQfFkJZDjifu7VSUqg3es1',
             'decimals': 9,
             'lastTradeUnixTime': 1712023559,
             'liquidity': 28248.257081393465,
             'logoURI': None,
             'mc': 289225.66800326295,
             'name': None,
             'symbol': None,
             'v24hChangePercent': 51.12471419059273,
             'v24hUSD': 4097.667265219847},
            {'address': '3sBG8KNChFEdg47i3mL82CKQc2hbRxqqhUagnuyDm1uG',
             'decimals': 9,
             'lastTradeUnixTime': 1711960998,
             'liquidity': 0,
             'logoURI': 'https://img.fotofolio.xyz/?url=https%3A%2F%2Fbafkreifkx3ffzglty24oqvuapry47iutw7afjsj37zj2pahionpxfxfi2i.ipfs.nftstorage.link',
             'mc': 288975.0757665153,
             'name': 'CrunchyCat',
             'symbol': 'CRUNCHY',
             'v24hChangePercent': -99.99326011578312,
             'v24hUSD': 0.000742982397016935},
            {'address': 'MRgNsrTuaeMDZGgxcNjvQfRvTL4Lg9V1agukt7GwefV',
             'decimals': 5,
             'lastTradeUnixTime': 1712020578,
             'liquidity': 171385.49226887268,
             'logoURI': 'https://img.fotofolio.xyz/?url=https%3A%2F%2Fshdw-drive.genesysgo.net%2FGzjs6aRD2m1GoFjnAGfuUXvNRUdxJH2fMgeMDKuKSMhc%2Fmargen.png',
             'mc': 288899.7733078388,
             'name': 'MargenFi',
             'symbol': 'MRGN',
             'v24hChangePercent': 864.042670652799,
             'v24hUSD': 1721.195592748892},
            {'address': 'DeoP2swMNa9d4SGcQkR82j4RYYeNhDjcTCwyzEhKwfAf',
             'decimals': 9,
             'lastTradeUnixTime': 1712022721,
             'liquidity': 34087.88898937592,
             'logoURI': 'https://img.fotofolio.xyz/?url=https%3A%2F%2Farweave.net%2FRuNPo7tAR05f_7g_Yz36NMyVKHAFrOXjIEKPtOZx2Qc',
             'mc': 288711.4837937473,
             'name': 'Deo',
             'symbol': 'DEO',
             'v24hChangePercent': -75.2925690147733,
             'v24hUSD': 284.192582},
            {'address': 'CLaSKXbuMp1BXTya62WDyZoPvgmfcqsdA18rAjBcn9Vw',
             'decimals': 6,
             'lastTradeUnixTime': 1712021861,
             'liquidity': 60762.20068612795,
             'logoURI': 'https://img.fotofolio.xyz/?url=https%3A%2F%2Fbafkreidkvo6yabkmpfytb3dwico6ljyxcoae2wmtyyeut6izdfvakefhru.ipfs.nftstorage.link',
             'mc': 286577.58980136283,
             'name': 'SoliDefi',
             'symbol': 'SOLFI',
             'v24hChangePercent': 33.20107810251747,
             'v24hUSD': 58669.19697471506},
            {'address': 'GCMm342wKHSbxcpwDJtKwH3SZ2qbQgYYyfzBrWDF9ej6',
             'decimals': 9,
             'lastTradeUnixTime': 1712021545,
             'liquidity': 90559.42888897727,
             'logoURI': 'https://img.fotofolio.xyz/?url=https%3A%2F%2Farweave.net%2FhYvZ8_b4Ey3ikvX0BgL9FCwEqjKDFRUzev8O4luGc_s',
             'mc': 284365.60049111454,
             'name': 'NVEDUA',
             'symbol': 'NVEDUA',
             'v24hChangePercent': -3.2651406181442417,
             'v24hUSD': 48304.37468435304},
            {'address': '4Yz5zByTwnVe46AXD6hsrccbq4TKLyih2xRqPyLBDT1P',
             'decimals': 6,
             'lastTradeUnixTime': 1712023842,
             'liquidity': 107733.77875345394,
             'logoURI': 'https://img.fotofolio.xyz/?url=https%3A%2F%2Fgateway.irys.xyz%2FLQ9YCmIWoXtDUAxNQhPjpbGbTgLjkgnLFVQJfRn73o0',
             'mc': 284265.62489862536,
             'name': 'DONALD',
             'symbol': 'DONALD',
             'v24hChangePercent': 53.71471696080473,
             'v24hUSD': 27496.075136447587},
            {'address': '5dLN6cVQq7VsDwrK99Lv9V2fr1VPxGhq1pn9crcf5cZn',
             'decimals': 0,
             'lastTradeUnixTime': 1712020459,
             'liquidity': 120779.14422909635,
             'logoURI': 'https://img.fotofolio.xyz/?url=https%3A%2F%2Fgateway.irys.xyz%2F7tZDbyPAVAnKcT2-9j0P6hW-waUn3g6S-8sle6cdBbw',
             'mc': 283857.2100592534,
             'name': 'LUCK OF MEME',
             'symbol': 'LUCK',
             'v24hChangePercent': -37.16607967623432,
             'v24hUSD': 4678.591680876394},
            {'address': '94sFWT94hg6qK9VtYwGz8VxbyEMaXf9H2U3HTTbofimy',
             'decimals': 5,
             'lastTradeUnixTime': 1712021026,
             'liquidity': 634723.1156855066,
             'logoURI': 'https://pbs.twimg.com/profile_images/1744073344713170944/X-lsmMYW_400x400.jpg',
             'mc': 283569.29916610953,
             'name': 'APING',
             'symbol': 'APING',
             'v24hChangePercent': -89.89677217569663,
             'v24hUSD': 954.2854839961901},
            {'address': 'Grx3ZixjAqKQsSjsZYs4p15LsMabLVFN39xu2rLQBuv9',
             'decimals': 6,
             'lastTradeUnixTime': 1712020588,
             'liquidity': 37781.5891299549,
             'logoURI': 'https://img.fotofolio.xyz/?url=https%3A%2F%2Fbafkreidzmpddf7po6xcxnxo5bawkld4mazcddlbaxplwq6quq4ceavhgau.ipfs.nftstorage.link',
             'mc': 282301.71767345845,
             'name': 'N CHAT',
             'symbol': 'NCHT',
             'v24hChangePercent': 413.8558968345824,
             'v24hUSD': 4672.736068098313},
            {'address': 'Dm4xPVBDyrCZQMzm7gnEHxKXjzxuvoReoMTMDbYrBCtt',
             'decimals': 6,
             'lastTradeUnixTime': 1712018593,
             'liquidity': 194142.864611903,
             'logoURI': 'https://img.fotofolio.xyz/?url=https%3A%2F%2Fbafkreiceyb3a3efhhd2htjehrr4w5bwunoqank7o7wspow2phearctgdwy.ipfs.nftstorage.link',
             'mc': 282193.6552213514,
             'name': 'OJ IN A BRONCO',
             'symbol': '$JUICE',
             'v24hChangePercent': 220.13309531739827,
             'v24hUSD': 4085.099277816601},
            {'address': 'JS66MSHdrWFkY4EaHTCjrM9PF1wsWcUtz9AvRs8sXnL',
             'decimals': 9,
             'lastTradeUnixTime': 1711993521,
             'liquidity': 0,
             'logoURI': 'https://img.fotofolio.xyz/?url=https%3A%2F%2Fgateway.irys.xyz%2FcrrVCOMT7RIrP_F_NITtaN1NeezavUqJWw6bnUG4U5s',
             'mc': 281201.0325821974,
             'name': 'TYPE AI',
             'symbol': 'TYPE',
             'v24hChangePercent': -34.17845139781143,
             'v24hUSD': 0.001933084142706785},
            {'address': 'CWzVGw8MjSaJ3mKE4aYNUHDQ8xh3ZCkW5PkdGirZbZAy',
             'decimals': 6,
             'lastTradeUnixTime': 1712021377,
             'liquidity': 2870.1349119967344,
             'logoURI': 'https://img.fotofolio.xyz/?url=https%3A%2F%2Farweave.net%2FLrR-6uoIvkmMUew7FcFHZt4PtuzkstIa8oUF9m2NLRc',
             'mc': 280584.7091288113,
             'name': 'MakiSwap',
             'symbol': 'MAKI',
             'v24hChangePercent': 59.420086350787614,
             'v24hUSD': 879.719722612615},
            {'address': '9J6akKgzRDWBKyeaDDkbREEUTYVSVVHY8L6qjW7AQkB4',
             'decimals': 9,
             'lastTradeUnixTime': 1712023073,
             'liquidity': 69349.41650074998,
             'logoURI': 'https://img.fotofolio.xyz/?url=https%3A%2F%2Farweave.net%2FIoSG1IDkQIDZWamglFV-rq8lFD_Ozb6b93RxHEwPdOA',
             'mc': 280183.4498442727,
             'name': 'Solforge',
             'symbol': 'SFG',
             'v24hChangePercent': 162.96500238095197,
             'v24hUSD': 24375.589967538963},
            {'address': 'DTdvihhDaiEn29kcGc42gJroZhq8YkQFNk11ZiRZBAyV',
             'decimals': 9,
             'lastTradeUnixTime': 1712021912,
             'liquidity': 22029.653584675376,
             'logoURI': 'https://img.fotofolio.xyz/?url=https%3A%2F%2Fmedia.discordapp.net%2Fattachments%2F1151964840156467334%2F1213181735114899497%2FBIBI_Logo_1_2.png%3Fex%3D65f48a89%26is%3D65e21589%26hm%3D5665448c55ecb644f4d3b468be437b5ba8906a14a30a66daca3209d0c182fd37%26%3D%26format%3Dwebp%26quality%3Dlossless%26width%3D1012%26height%3D1012',
             'mc': 279513.8008337029,
             'name': 'Bitcoin Pepe',
             'symbol': 'BIBI',
             'v24hChangePercent': 6.345291931304297,
             'v24hUSD': 24263.67252174748},
            {'address': 'Gr6dT8npjkBt8QiMi5dhazdY5urkq8TNYEdxsJ23cpsR',
             'decimals': 4,
             'lastTradeUnixTime': None,
             'liquidity': 0,
             'logoURI': 'https://img.fotofolio.xyz/?url=https%3A%2F%2Farweave.net%2FT4ykdqmYB_W-BEVmHwWS5rcI4wEoZJgzjGmZSaMX5uc',
             'mc': 279150.555092461,
             'name': 'Cone Cat',
             'symbol': 'ConeCat',
             'v24hChangePercent': -100,
             'v24hUSD': 0},
            {'address': '3mQNbWdRryxKnuf4UBkVoBF3CTqyWnxqEoJcXsvmzoy2',
             'decimals': 9,
             'lastTradeUnixTime': None,
             'liquidity': 0,
             'logoURI': 'https://img.fotofolio.xyz/?url=https%3A%2F%2Fgateway.irys.xyz%2FH5r3CqQHGBMdTAiPh9hyJZS8zt0nWeWbo8NkMZcGj4o',
             'mc': 277738.18991814763,
             'name': 'Bobaoppa Meme',
             'symbol': 'Bobaoppa',
             'v24hChangePercent': -100,
             'v24hUSD': 0},
            {'address': '5JnZ667P3VcjDinkJFysWh2K2KtViy63FZ3oL5YghEhW',
             'decimals': 9,
             'lastTradeUnixTime': 1711985229,
             'liquidity': 42187.55048801966,
             'logoURI': 'https://img.fotofolio.xyz/?url=https%3A%2F%2Fraw.githubusercontent.com%2Fsolana-labs%2Ftoken-list%2Fmain%2Fassets%2Fmainnet%2F5JnZ667P3VcjDinkJFysWh2K2KtViy63FZ3oL5YghEhW%2Flogo.png',
             'mc': 277597.69786270114,
             'name': 'APYSwap',
             'symbol': 'APYS',
             'v24hChangePercent': 423.8872513835972,
             'v24hUSD': 349.402084},
            {'address': 'BHgFvpoT5wuLpVoiw8h6YF8KfoZQ6VVVE6gKEqZcgh2A',
             'decimals': 6,
             'lastTradeUnixTime': 1712021705,
             'liquidity': 37831.12588229122,
             'logoURI': 'https://img.fotofolio.xyz/?url=https%3A%2F%2Fbafybeie7yvykkamxc3hhl6bmruvb3xwd6eanqvikpttzogc5u6i5fazj4y.ipfs.nftstorage.link',
             'mc': 277584.6416747247,
             'name': 'MOONGOOSE',
             'symbol': '$MOONG',
             'v24hChangePercent': -57.31508773518668,
             'v24hUSD': 36604.47299722981},
            {'address': 'H4XT8JpaCF1xe6in6ZhoNjUiVU15s8cqUvBEVus8AMQD',
             'decimals': 6,
             'lastTradeUnixTime': 1711971566,
             'liquidity': 0,
             'logoURI': 'https://img.fotofolio.xyz/?url=https%3A%2F%2Fgateway.irys.xyz%2Fiwk-1Nb38x0uRmi3-YI24tkqDSpkt7JnSzG8oIdI_-E',
             'mc': 277380.3893982073,
             'name': 'SolSurf',
             'symbol': 'SSRF',
             'v24hChangePercent': None,
             'v24hUSD': 108380.1926261325},
            {'address': '4DhTyyuEAkLs3YweVV33LkS3wGNzpGjHTVXGK31Jg4d1',
             'decimals': 6,
             'lastTradeUnixTime': None,
             'liquidity': 0,
             'logoURI': 'https://img.fotofolio.xyz/?url=https%3A%2F%2Fgateway.irys.xyz%2FLL8Fisj9QVaTx9Nu98s-MQWCstcNdZO2qF5OvOhmF4U',
             'mc': 277245.7318404632,
             'name': 'Majestic Trunks',
             'symbol': 'MTK',
             'v24hChangePercent': -100,
             'v24hUSD': 0},
            {'address': 'Fishy64jCaa3ooqXw7BHtKvYD8BTkSyAPh6RNE3xZpcN',
             'decimals': 6,
             'lastTradeUnixTime': 1712022672,
             'liquidity': 28041.50839717167,
             'logoURI': 'https://img.fotofolio.xyz/?url=https%3A%2F%2Fshdw-drive.genesysgo.net%2FCpRahRvMZad2VNTJDN24m4Bk6PsWRBm14w684RatY1bd%2FThe%20winning%20logo.png',
             'mc': 277228.7654339203,
             'name': 'FISHY by sharky.fi',
             'symbol': 'FISHY',
             'v24hChangePercent': 603.2034402093974,
             'v24hUSD': 31486.395650090853},
            {'address': '3W52uCb8NW8ruMF9mmJX3oKiYAjdPai4633srsZFQCS6',
             'decimals': 6,
             'lastTradeUnixTime': 1712022657,
             'liquidity': 129184.22892480048,
             'logoURI': 'https://imgur.fotofolio.xyz/?url=https%3A%2F%2Fi.imgur.com%2FBNautKe.png',
             'mc': 276688.50423432415,
             'name': 'Biao Coin',
             'symbol': '$BIAO',
             'v24hChangePercent': -63.303067088242734,
             'v24hUSD': 9287.206457707678},
            {'address': '6tACLeF3JaJdhLVSXzAxCP2hWvgmKPgLtuyfe8xcR1SX',
             'decimals': 9,
             'lastTradeUnixTime': 1711997238,
             'liquidity': 4912.661642963035,
             'logoURI': 'https://img.fotofolio.xyz/?url=https%3A%2F%2Fbafkreihioxytjwk6tf3wagcntwqhqxwflglhxwuyyafyhz6h3cyevmh7aa.ipfs.nftstorage.link',
             'mc': 276615.3341352704,
             'name': 'Baby Red Panda',
             'symbol': 'RANDA',
             'v24hChangePercent': 2497.769503993302,
             'v24hUSD': 50.23751817629014},
            {'address': 'BG4BpnNwujZQ7ch2P8GWYGqn5BB8j9nkkfX45AzrdZ9M',
             'decimals': 6,
             'lastTradeUnixTime': 1711993230,
             'liquidity': 0,
             'logoURI': 'https://img.fotofolio.xyz/?url=https%3A%2F%2Fbafkreigpezsqj4u4zzz6uccd5glcwcxualnirgc5ew37rpf3kihrcfw2f4.ipfs.nftstorage.link',
             'mc': 276342.37487677316,
             'name': 'lola',
             'symbol': 'lola',
             'v24hChangePercent': -99.31163587092092,
             'v24hUSD': 0.001928303282225747},
            {'address': '7cVj62eSWYknAyndgMx3GVCNAXjqcg2iuucvAAJw1TeG',
             'decimals': 6,
             'lastTradeUnixTime': None,
             'liquidity': 0,
             'logoURI': 'https://img.fotofolio.xyz/?url=https%3A%2F%2Fgateway.irys.xyz%2Fy9dyEvmBEpAi8CFBz5yF86oSWs9AIM7-I6y0nD3OPe8',
             'mc': 276108.5678692265,
             'name': 'PixelPupCoin',
             'symbol': 'PPUP',
             'v24hChangePercent': -100,
             'v24hUSD': 0},
            {'address': 'AMBPCft7b78YTKrF8rhiZdmSuHwsogEeTBvtLZyvLfzv',
             'decimals': 9,
             'lastTradeUnixTime': 1711995052,
             'liquidity': 0,
             'logoURI': 'https://img.fotofolio.xyz/?url=https%3A%2F%2Fstorage.googleapis.com%2Fpod_public%2F1300%2F150491.jpg',
             'mc': 275469.69863588514,
             'name': 'RocketRaccoon',
             'symbol': 'RC',
             'v24hChangePercent': None,
             'v24hUSD': 0.572703254989998},
            {'address': '4wjPQJ6PrkC4dHhYghwJzGBVP78DkBzA2U3kHoFNBuhj',
             'decimals': 6,
             'lastTradeUnixTime': 1712022827,
             'liquidity': 59231.567540184275,
             'logoURI': 'https://img.fotofolio.xyz/?url=https%3A%2F%2Fraw.githubusercontent.com%2Fsolana-labs%2Ftoken-list%2Fmain%2Fassets%2Fmainnet%2F4wjPQJ6PrkC4dHhYghwJzGBVP78DkBzA2U3kHoFNBuhj%2Flogo.png',
             'mc': 275091.7270984745,
             'name': 'LIQ Protocol',
             'symbol': 'LIQ',
             'v24hChangePercent': -71.12499587315348,
             'v24hUSD': 5189.847575068406},
            {'address': 'BKSynDKmMRSnEf6mq9w2SM5PbwXDA2xXbEWoCocErwWt',
             'decimals': 6,
             'lastTradeUnixTime': None,
             'liquidity': 0,
             'logoURI': 'https://img.fotofolio.xyz/?url=https%3A%2F%2Fbafkreihqdreakcnvnnavtciw3ls3hrbvlmosnqiowpus22gwmgxqndtkbi.ipfs.nftstorage.link',
             'mc': 274904.1367267883,
             'name': 'PRICE',
             'symbol': 'Captain Price',
             'v24hChangePercent': -100,
             'v24hUSD': 0}],
 'total': 261727,
 'updateTime': '2024-04-02T02:26:15',
 'updateUnixTime': 1712024775}
