{'tokens': [{'address': 'AuWnMYJ6TcemXAPVctxHSSbjQcDmeePT12YcxvKeJET',
             'decimals': 6,
             'lastTradeUnixTime': None,
             'liquidity': 0,
             'logoURI': 'https://img.fotofolio.xyz/?url=https%3A%2F%2Farweave.net%2FYWK-XND5tX_5rWKxjCrk2nnlvfbS_ZJXRqOtri6OKjo',
             'mc': 319585.85187060933,
             'name': 'safemars',
             'symbol': 'safemars',
             'v24hChangePercent': -100,
             'v24hUSD': 0},
            {'address': '6Mwo5NuNpxGZuF9Sa1UAH2n86JkVmrQ6bvPWEkB36p4z',
             'decimals': 2,
             'lastTradeUnixTime': None,
             'liquidity': 0,
             'logoURI': 'https://img.fotofolio.xyz/?url=https%3A%2F%2Fstorage.googleapis.com%2Fcoinsniper-assets%2Fimages%2FyacQkCkfp8jm8RMdpY1RXDgXjTYaz74iM7dH3xLa.png',
             'mc': 319429.59098830336,
             'name': 'TOTO',
             'symbol': 'TOTO',
             'v24hChangePercent': -100,
             'v24hUSD': 0},
            {'address': 'GGsCoUDR7sTi5XyfFc2aMrx5uyYwJVxYnxknyuvVAE9i',
             'decimals': 9,
             'lastTradeUnixTime': 1712007272,
             'liquidity': 0,
             'logoURI': 'https://img.fotofolio.xyz/?url=https%3A%2F%2Fgateway.irys.xyz%2FsPvoCf8BhQDvr4xFPZvoEgo1a6PMNFgRnzJWsGEka6k',
             'mc': 318521.36896290083,
             'name': 'wen',
             'symbol': 'WEN',
             'v24hChangePercent': None,
             'v24hUSD': 0.773107674063881},
            {'address': '5doZSgpsKVJk9u58hsmDsq8N6oNtELvsycoFJ42P327p',
             'decimals': 6,
             'lastTradeUnixTime': 1712006159,
             'liquidity': 186146.83276764594,
             'logoURI': 'https://img.fotofolio.xyz/?url=https%3A%2F%2Fbafybeieihwob2neplczecendn4pyuaro2l3uclje2uvtrjkf3ybx7wow6m.ipfs.nftstorage.link',
             'mc': 318288.44919246377,
             'name': 'The OG Cheems Inu',
             'symbol': 'OGCINU',
             'v24hChangePercent': -31.9478726936996,
             'v24hUSD': 25644.041668909813},
            {'address': 'AcyShVFz8tXSZu9MfPicAEjhZXY3zQoadqTyBP8oqvco',
             'decimals': 6,
             'lastTradeUnixTime': 1712008526,
             'liquidity': 9244.044412029598,
             'logoURI': 'https://img.fotofolio.xyz/?url=https%3A%2F%2Fbafkreic5fbq43xpber6idao6x7agenc73fbg7oq3tizzr6b4vqts2bnq6a.ipfs.nftstorage.link',
             'mc': 318237.37150509475,
             'name': 'Setochi Mekanito',
             'symbol': '$TOCHI',
             'v24hChangePercent': 142.05258404584558,
             'v24hUSD': 176037.04179964476},
            {'address': 'E1geF7fmsgHyw4ntunDad3D2WhGG7ybQ53hYYLY7tEDA',
             'decimals': 9,
             'lastTradeUnixTime': 1712008709,
             'liquidity': 43529.14750642808,
             'logoURI': 'https://img.fotofolio.xyz/?url=https%3A%2F%2Fipfs.io%2Fipfs%2FQmTKnSTE9ufkNsrzjg1F6kdyGWoHhJhcg9SEBCVocJC4c5',
             'mc': 318038.6932808732,
             'name': 'Book of Whales',
             'symbol': 'BOWE',
             'v24hChangePercent': -38.44671024675977,
             'v24hUSD': 55644.79254887153},
            {'address': 'H7vPTs99SEGLRtBqDgoi2srT2AY5oshQ6qNeU8Lq4wVx',
             'decimals': 9,
             'lastTradeUnixTime': 1712007126,
             'liquidity': 3205.2921598074445,
             'logoURI': 'https://img.fotofolio.xyz/?url=https%3A%2F%2Fipfs.io%2Fipfs%2FQmesda2dY4J2zZXxbP15AoSBsMQ8EP1YX35ZT84jCKuHec',
             'mc': 318009.16609148716,
             'name': 'CrabDogeDance',
             'symbol': 'CDDE',
             'v24hChangePercent': -83.00887154876115,
             'v24hUSD': 282.7980729510637},
            {'address': 'EXS6mWGraQFEYxB4RvMDWwtve8ogpBhxUc3DoHRnE85y',
             'decimals': 6,
             'lastTradeUnixTime': 1712007702,
             'liquidity': 284001.15897375846,
             'logoURI': 'https://img.fotofolio.xyz/?url=https%3A%2F%2Fbafkreie7vzhevgtkbqkvsbmqmz7kzjhajznmrczubeu2thh7t47pkreozu.ipfs.nftstorage.link',
             'mc': 317334.8661559049,
             'name': 'try',
             'symbol': 'try',
             'v24hChangePercent': -99.72917641976309,
             'v24hUSD': 0.03967915657665928},
            {'address': '77TNGWH2iBkLCREoVVxBcpEjdq7jGtNLJG8s4KGjWj2B',
             'decimals': 6,
             'lastTradeUnixTime': 1711947405,
             'liquidity': 0,
             'logoURI': 'https://img.fotofolio.xyz/?url=https%3A%2F%2Fbafkreihvca4qqgxyhqu2a44ad5d6cnqsxum7vhkz6qtbv3sokyjf2fw4gq.ipfs.nftstorage.link',
             'mc': 315376.68077101005,
             'name': 'BabyCatWifHat',
             'symbol': 'BabyCatWifHat',
             'v24hChangePercent': 240002.0986465644,
             'v24hUSD': 41.67152354497382},
            {'address': '84fLcSApaApWQNCpEWT5Ld5CBS8g59jYek61QGcpD5PC',
             'decimals': 5,
             'lastTradeUnixTime': 1712008540,
             'liquidity': 540255.9874648906,
             'logoURI': 'https://img.fotofolio.xyz/?url=https%3A%2F%2Fbafkreig72t2po6pwah4vqx3l4psompjyt56n5lkv2qzvgye7i2t56ue7hm.ipfs.nftstorage.link',
             'mc': 314854.6603726487,
             'name': 'TREX',
             'symbol': 'TREX',
             'v24hChangePercent': 106.98017348908948,
             'v24hUSD': 1584.3963957815001},
            {'address': 'B3RpjwWDqv8T32nRJwsx6Ld6XWnHDathdh3p968ma1dk',
             'decimals': 7,
             'lastTradeUnixTime': 1712008736,
             'liquidity': 51877.81418739761,
             'logoURI': 'https://img.fotofolio.xyz/?url=https%3A%2F%2Fbafkreiezpzh2vsqopqvl3dkl5vdyutvw6zf7itjdv6msjvlgwkdwtciifu.ipfs.nftstorage.link',
             'mc': 314772.43164462515,
             'name': 'WUREN BLUEFET',
             'symbol': 'BERKSHIRE',
             'v24hChangePercent': -3.8902465665839254,
             'v24hUSD': 73850.33122920715},
            {'address': 'EDkkx5f6zzEDXw6NW6iCZirTEit1VGEjB1C46KNxQ5z6',
             'decimals': 6,
             'lastTradeUnixTime': 1712008688,
             'liquidity': 203271.1837594149,
             'logoURI': 'https://img.fotofolio.xyz/?url=https%3A%2F%2Fcf-ipfs.com%2Fipfs%2FQmVTBMxGV9sLhP39e81BgwhmQGouyS1zEHY6YNrk8HRDQ3',
             'mc': 314687.9049945348,
             'name': 'Ikea Meatballs',
             'symbol': 'IKEA',
             'v24hChangePercent': -67.9060727585866,
             'v24hUSD': 310997.13332806726},
            {'address': 'GPzvszRyF6Dr3EwiQMokd7d8mKWykfv8SCWrB9hQjb6y',
             'decimals': 9,
             'lastTradeUnixTime': 1712008776,
             'liquidity': 54197.99702669284,
             'logoURI': 'https://img.fotofolio.xyz/?url=https%3A%2F%2Fipfs.io%2Fipfs%2FQmT3uFdfATzQH4thu4EsGGffQLx3NxziDeM9rESE9FwTmf',
             'mc': 314657.90557914536,
             'name': 'Cecil The Lion',
             'symbol': 'CECIL',
             'v24hChangePercent': -78.95168608921809,
             'v24hUSD': 6142.99106123935},
            {'address': 'Aed3v19YtrDajmF6qmdsT1KtMwnziUQa4miSk5gNK3gL',
             'decimals': 6,
             'lastTradeUnixTime': 1712008733,
             'liquidity': 104852.05961203485,
             'logoURI': 'https://img.fotofolio.xyz/?url=https%3A%2F%2Fnftstorage.link%2Fipfs%2Fbafkreifzd5vmz56zh6v2uplj7zawnioaxoknmee3ddtbn35at5r3qtqmta',
             'mc': 313903.07652167784,
             'name': 'Seletti A.i',
             'symbol': 'SELETTI',
             'v24hChangePercent': -62.57112475224896,
             'v24hUSD': 138021.85777058237},
            {'address': '5cvj5rEEocG5Wvh3oJuY6MoYj7gVZd8aoXSLZjDY6W4W',
             'decimals': 9,
             'lastTradeUnixTime': 1712008543,
             'liquidity': 260215.73984406263,
             'logoURI': 'https://img.fotofolio.xyz/?url=https%3A%2F%2Fipfs.io%2Fipfs%2FQmasP8ZTEGAc4gqkhKfzq9Qu2tUaN8JpzQE2EcNaE9avkM',
             'mc': 313853.70730156795,
             'name': 'Dead Bear Inc',
             'symbol': 'SCUM',
             'v24hChangePercent': 48.69651556614921,
             'v24hUSD': 114845.62312225826},
            {'address': '6icKjVRLYnC5xpem29eE9C32AZWaaYi8iKjqM6Qbwr6X',
             'decimals': 9,
             'lastTradeUnixTime': 1711973153,
             'liquidity': 0,
             'logoURI': 'https://img.fotofolio.xyz/?url=https%3A%2F%2Fbafkreiapimzpn2sythuigm2yfalv5epdfpin4vhf66wk34fhkl4jzj7l2a.ipfs.nftstorage.link',
             'mc': 313602.0846478893,
             'name': 'NvidiaWifHat',
             'symbol': 'NVIDIA',
             'v24hChangePercent': None,
             'v24hUSD': 315.2423511788105},
            {'address': '4LP5JKsyKC5pSAoodwcZnDCSK2ggsMcZvHKoo7HCPDCV',
             'decimals': 9,
             'lastTradeUnixTime': 1712005486,
             'liquidity': 119378.00015811113,
             'logoURI': 'https://img.fotofolio.xyz/?url=https%3A%2F%2Fbafkreih5phb36g46nyomg3gx6274wyhbgh4pyhax7noxpbhinirxtzcyum.ipfs.nftstorage.link',
             'mc': 313548.20893941313,
             'name': 'Snoopy',
             'symbol': '$SNOOPY',
             'v24hChangePercent': 17.28572569308615,
             'v24hUSD': 20098.750430010437},
            {'address': '9gr84rGyLvVasmqXvj65njjUgKyBemKWSJsvijTPmcQz',
             'decimals': 9,
             'lastTradeUnixTime': 1712008657,
             'liquidity': 107.87011850693067,
             'logoURI': 'https://img.fotofolio.xyz/?url=https%3A%2F%2Fbafybeifjnoxnugstzszyj5wukzoiqvhtqocwpwfv55uqfvqjegq2bha7sm.ipfs.nftstorage.link',
             'mc': 313282.73481565475,
             'name': 'potato',
             'symbol': 'POTATO',
             'v24hChangePercent': -66.7902338997143,
             'v24hUSD': 223337.91525521944},
            {'address': 'Fishy64jCaa3ooqXw7BHtKvYD8BTkSyAPh6RNE3xZpcN',
             'decimals': 6,
             'lastTradeUnixTime': 1712008543,
             'liquidity': 28041.50839717167,
             'logoURI': 'https://img.fotofolio.xyz/?url=https%3A%2F%2Fshdw-drive.genesysgo.net%2FCpRahRvMZad2VNTJDN24m4Bk6PsWRBm14w684RatY1bd%2FThe%20winning%20logo.png',
             'mc': 312894.9966194224,
             'name': 'FISHY by sharky.fi',
             'symbol': 'FISHY',
             'v24hChangePercent': 572.1677495638187,
             'v24hUSD': 29843.743763153587},
            {'address': 'E2VmbootbVCBkMNNxKQgCLMS1X3NoGMaYAsufaAsf7M',
             'decimals': 6,
             'lastTradeUnixTime': 1712006322,
             'liquidity': 17569.248689493383,
             'logoURI': 'https://img.fotofolio.xyz/?url=https%3A%2F%2Fraw.githubusercontent.com%2Fsolana-labs%2Ftoken-list%2Fmain%2Fassets%2Fmainnet%2FE2VmbootbVCBkMNNxKQgCLMS1X3NoGMaYAsufaAsf7M%2Flogo.png',
             'mc': 312190.8692938176,
             'name': 'USD Coin (PoS) (Wormhole)',
             'symbol': 'USDC',
             'v24hChangePercent': -29.18550595193577,
             'v24hUSD': 17900.58569},
            {'address': 'AHsjRCYoe3CE1tYBn4NiPFTURUzXArazpJ9Vum9TUZja',
             'decimals': 6,
             'lastTradeUnixTime': 1711983398,
             'liquidity': 0,
             'logoURI': 'https://img.fotofolio.xyz/?url=https%3A%2F%2Fbafkreib6yllszjq65ye65k5ogqaigf7ki326srsqnk3yhyyribgk3rhhdq.ipfs.nftstorage.link',
             'mc': 310770.9369012864,
             'name': 'watermelonCat',
             'symbol': 'Catmelon',
             'v24hChangePercent': None,
             'v24hUSD': 677.7525671092491},
            {'address': '98ZmjtNLjTr1yih6D7fdFm8ViU1jEYDcBU1wjc2k9imV',
             'decimals': 9,
             'lastTradeUnixTime': 1712008703,
             'liquidity': 3318.5655565953657,
             'logoURI': 'https://img.fotofolio.xyz/?url=https%3A%2F%2Fbafkreiho3miah3wtyoxa2t3qpksrpt4xnwjgfxxhldmzey5rh2fkplpovq.ipfs.nftstorage.link',
             'mc': 310580.06151875464,
             'name': 'Doge for President',
             'symbol': 'VOTEDOGE',
             'v24hChangePercent': 263.9275483694006,
             'v24hUSD': 117135.49873127812},
            {'address': 'EKEWAk7hfnwfR8DBb1cTayPPambqyC7pwNiYkaYQKQHp',
             'decimals': 6,
             'lastTradeUnixTime': 1712008741,
             'liquidity': 297829.8168968219,
             'logoURI': 'https://imgur.fotofolio.xyz/?url=https%3A%2F%2Fimgur.com%2Fa%2FfwwscDN',
             'mc': 309581.6196129607,
             'name': 'Roaring Kitty',
             'symbol': 'KITTY',
             'v24hChangePercent': -13.305703803348132,
             'v24hUSD': 2879211.340572021},
            {'address': '8pMqEqkmdxnVkb91PjSwwCyUs2HKZX7rD9Ag62ywRrCX',
             'decimals': 9,
             'lastTradeUnixTime': 1712005824,
             'liquidity': 72901.6769541299,
             'logoURI': 'https://img.fotofolio.xyz/?url=https%3A%2F%2Fbafkreidjtyijfkhw7gepj3fnyqnlkxq7uelvu6z4ss77vmalcp7gpbyqtq.ipfs.nftstorage.link',
             'mc': 308866.1091431937,
             'name': 'Elephants on Surf',
             'symbol': 'EOS',
             'v24hChangePercent': 111.71123861818735,
             'v24hUSD': 4327.792953553542},
            {'address': '12AdNNrn3aHtqukgDo1r3Yq3ifCA4Pis3PEfukbdR1P7',
             'decimals': 6,
             'lastTradeUnixTime': 1711935649,
             'liquidity': 5.500530512320626,
             'logoURI': 'https://img.fotofolio.xyz/?url=https%3A%2F%2Fbafkreigpaedhvxjol3um7oae2tedygvkvvb7amrqhhbhhbunnemeb2hmxu.ipfs.nftstorage.link',
             'mc': 308508.7721346017,
             'name': 'OWL EYE',
             'symbol': 'OWL',
             'v24hChangePercent': -6.864719780120384,
             'v24hUSD': 8.0565},
            {'address': 'CymqTrLSVZ97v87Z4W3dkF4ipZE1kYyeasmN2VckUL4J',
             'decimals': 3,
             'lastTradeUnixTime': 1712008034,
             'liquidity': 336412.9513523202,
             'logoURI': 'https://img.fotofolio.xyz/?url=https%3A%2F%2Fcloudflare-ipfs.com%2Fipfs%2FQmZS9n7pWX99yRqbFzjHrCjkh49dGve1AvbghSynEVH3C2',
             'mc': 308254.8849404326,
             'name': 'i dont know',
             'symbol': 'IDK',
             'v24hChangePercent': -9.562396503798261,
             'v24hUSD': 60103.15174197858},
            {'address': '53ctv3wwFXQbXruKWsbQcCe7sefowyu96pXK6FRLTjfv',
             'decimals': 4,
             'lastTradeUnixTime': 1712005890,
             'liquidity': 59286.96767548147,
             'logoURI': 'https://img.fotofolio.xyz/?url=https%3A%2F%2Fencrypted-tbn0.gstatic.com%2Fimages%3Fq%3Dtbn%3AANd9GcTpWynF1xawPweXRXbOxTkdOM628ZyQuVagnSxb03dlnYFyPvEa7tOpQj1x5_k28oDHb3w%26usqp%3DCAU',
             'mc': 307584.8398836495,
             'name': 'Dog Of Wisdom',
             'symbol': 'WISDM',
             'v24hChangePercent': 6.7069294702166005,
             'v24hUSD': 14107.00609000717},
            {'address': '97zcaDbEFEeKWnu3hwpW6tkFfcNxHS7Z4m6432P2Uz6m',
             'decimals': 6,
             'lastTradeUnixTime': 1711997453,
             'liquidity': 0,
             'logoURI': 'https://img.fotofolio.xyz/?url=https%3A%2F%2Fbafkreifaybm3wa3hjaz6fbkqa2tshazeohwv3wzwiwnwi4yljuvgvdfqui.ipfs.nftstorage.link',
             'mc': 307408.15177138906,
             'name': 'Shironeko Cat',
             'symbol': 'Shironeko',
             'v24hChangePercent': None,
             'v24hUSD': 712.5342747570958},
            {'address': 'catZkS7HcCaDJmpyWsGonJ6Kbw1LUaQVkNmqgKe1FYd',
             'decimals': 9,
             'lastTradeUnixTime': 1711993202,
             'liquidity': 0,
             'logoURI': 'https://c.tenor.com/RstPgzre14IAAAAd/tenor.gif',
             'mc': 307369.5304577012,
             'name': 'Halal Cat',
             'symbol': 'HALALCAT',
             'v24hChangePercent': -99.98373975274974,
             'v24hUSD': 0.0029382875072536344},
            {'address': 'E8qYv2SLbUg1RdE2sWXXYZuZEurL9WtG5dMu8zSEW1gp',
             'decimals': 6,
             'lastTradeUnixTime': 1711960310,
             'liquidity': 0,
             'logoURI': None,
             'mc': 306647.31480959564,
             'name': 'JIZZ',
             'symbol': 'JIZZ',
             'v24hChangePercent': -99.99899806524138,
             'v24hUSD': 4.580758397102256e-06},
            {'address': '6G6zUD3HsSmSVtYcuTwBgjCX3JLzp6Wn6LnyJy3xStZc',
             'decimals': 9,
             'lastTradeUnixTime': 1712005398,
             'liquidity': 336207.0729716037,
             'logoURI': 'https://img.fotofolio.xyz/?url=https%3A%2F%2Fbafkreighxz6y2sxhvyqss6dxt3psy4aewbl5y5qd3lf5w45dqbuplyvhpu.ipfs.nftstorage.link',
             'mc': 306621.6098199088,
             'name': 'F1 Coin',
             'symbol': 'F1COIN',
             'v24hChangePercent': -22.423574417934457,
             'v24hUSD': 796.5030638117267},
            {'address': 'Ct3gdFbYwnJFGnMn5LqpvP4aH4FXULUuMourFaQCBbYr',
             'decimals': 6,
             'lastTradeUnixTime': 1712006196,
             'liquidity': 0,
             'logoURI': 'https://img.fotofolio.xyz/?url=https%3A%2F%2Fbafkreieo3oyvjqhqny76g72wx27inj2fgdka4bkwlky3dqpq6dvs67oqwm.ipfs.nftstorage.link',
             'mc': 306488.9617092408,
             'name': 'nyan cat',
             'symbol': 'nyanc',
             'v24hChangePercent': None,
             'v24hUSD': 18.99003716818042},
            {'address': '5vf7zJfYN9S5imiBUzfTASRS1M9P7kez2ynFddrxdT4R',
             'decimals': 6,
             'lastTradeUnixTime': 1712008730,
             'liquidity': 32497.417204197205,
             'logoURI': 'https://img.fotofolio.xyz/?url=https%3A%2F%2Fcf-ipfs.com%2Fipfs%2FQmWgCZARckntZdmRCe3BbrQ5SQkrZ92acymT6M2w1DfB69',
             'mc': 306006.62782021705,
             'name': 'Pikacat ',
             'symbol': 'Pikacat',
             'v24hChangePercent': 5.12768357208999,
             'v24hUSD': 107835.69924070698},
            {'address': 'FkBF9u1upwEMUPxnXjcydxxVSxgr8f3k1YXbz7G7bmtA',
             'decimals': 6,
             'lastTradeUnixTime': 1712008741,
             'liquidity': 71907.29561741324,
             'logoURI': 'https://img.fotofolio.xyz/?url=https%3A%2F%2Fcf-ipfs.com%2Fipfs%2FQmRuQ1ZMFoawMJUpEwJPfdpfC8M6hKrzodLBNtdNdv2RwJ',
             'mc': 305637.1948249859,
             'name': 'glorp',
             'symbol': 'glorp',
             'v24hChangePercent': None,
             'v24hUSD': 2563851.3640785962},
            {'address': '4b6gxeEFr4W3oJVAi5B9WB4SdHxf7YmbB5aNwQcbMn43',
             'decimals': 5,
             'lastTradeUnixTime': 1712005444,
             'liquidity': 0,
             'logoURI': 'https://img.fotofolio.xyz/?url=https%3A%2F%2Fbafkreibbubuqpjke7t44tmoehqo7y2j3klkjsvfiiaimmtie2n3ta7jvye.ipfs.nftstorage.link',
             'mc': 305387.9404323313,
             'name': 'Magic Meth Internet Money',
             'symbol': 'MMIM',
             'v24hChangePercent': -96.88303581027478,
             'v24hUSD': 0.0010149949708741731},
            {'address': 'GCMm342wKHSbxcpwDJtKwH3SZ2qbQgYYyfzBrWDF9ej6',
             'decimals': 9,
             'lastTradeUnixTime': 1712008436,
             'liquidity': 90559.42888897727,
             'logoURI': 'https://img.fotofolio.xyz/?url=https%3A%2F%2Farweave.net%2FhYvZ8_b4Ey3ikvX0BgL9FCwEqjKDFRUzev8O4luGc_s',
             'mc': 305380.1969811384,
             'name': 'NVEDUA',
             'symbol': 'NVEDUA',
             'v24hChangePercent': -62.58684187031126,
             'v24hUSD': 36603.0558720674},
            {'address': 'F1w67RBi8ttBJe2KVxvjXoy3K2Nxe1kwtur3MU8HRU9M',
             'decimals': 6,
             'lastTradeUnixTime': 1711988476,
             'liquidity': 29163.18789291933,
             'logoURI': 'https://img.fotofolio.xyz/?url=https%3A%2F%2Fbafybeia3pvmgqaagsiypstqg34zdoh43csuo6bbiiw4vdxl7dnjzvcvg4a.ipfs.nftstorage.link',
             'mc': 304933.08021256747,
             'name': 'DeFi',
             'symbol': 'DEFI',
             'v24hChangePercent': -84.23184553602597,
             'v24hUSD': 71.28197262142768},
            {'address': 'SoLW9muuNQmEAoBws7CWfYQnXRXMVEG12cQhy6LE2Zf',
             'decimals': 9,
             'lastTradeUnixTime': 1711931326,
             'liquidity': 13763.834735703738,
             'logoURI': 'https://img.fotofolio.xyz/?url=https%3A%2F%2Farweave.net%2FGe3yd9dtBrUiMhowuk6Pv6-ie-vryJUFN6e6XrEugj8%3Fext%3Dpng',
             'mc': 303426.7323896594,
             'name': 'Amulet Staked SOL (amtSOL)',
             'symbol': 'amtSOL',
             'v24hChangePercent': 293.173573347525,
             'v24hUSD': 201.956409740512},
            {'address': 'FunEaVysxMdrCvyspzZx9onqUG1o9ghj65mpzybAD4AU',
             'decimals': 6,
             'lastTradeUnixTime': 1712004513,
             'liquidity': 64621.4737863731,
             'logoURI': 'https://img.fotofolio.xyz/?url=https%3A%2F%2Fbafkreicem5elevaxqdsh3sprhuddot2xubjbm7ucd3van3ena3sszffjty.ipfs.nftstorage.link',
             'mc': 303227.34081140533,
             'name': 'VINE',
             'symbol': 'VINE',
             'v24hChangePercent': -36.87193936381404,
             'v24hUSD': 13813.407864088547},
            {'address': 'H7Qc9APCWWGDVxGD5fJHmLTmdEgT9GFatAKFNg6sHh8A',
             'decimals': 9,
             'lastTradeUnixTime': 1712008570,
             'liquidity': 16178.903189559916,
             'logoURI': 'https://img.fotofolio.xyz/?url=https%3A%2F%2Foogi.com%2Ficon.png',
             'mc': 302785.9034471801,
             'name': 'OOGI',
             'symbol': 'OOGI',
             'v24hChangePercent': 97.60944529754305,
             'v24hUSD': 17587.30414527089},
            {'address': 'HKfs24UEDQpHS5hUyKYkHd9q7GY5UQ679q2bokeL2whu',
             'decimals': 6,
             'lastTradeUnixTime': 1711990031,
             'liquidity': 43127.53591164333,
             'logoURI': 'https://img.fotofolio.xyz/?url=https%3A%2F%2Ftinycolony.io%2Ftinycolonytoken.png',
             'mc': 302779.42725715414,
             'name': 'Tiny Colony',
             'symbol': 'TINY',
             'v24hChangePercent': 48.27580718773068,
             'v24hUSD': 14.573102},
            {'address': 'Fzo4d3toWjH7aFioUaMWWDNkmGh1BbHKSWAgXpHb2pf4',
             'decimals': 6,
             'lastTradeUnixTime': 1712008759,
             'liquidity': 5453.554711822099,
             'logoURI': 'https://img.fotofolio.xyz/?url=https%3A%2F%2Fbafkreihmm55lcqy6whpx7qpomwpvd4kijch2qr42by5snnl6vy62lqi7u4.ipfs.nftstorage.link',
             'mc': 302259.24970620143,
             'name': 'The Cat Is BLUE',
             'symbol': 'BLUE',
             'v24hChangePercent': -49.681971600218624,
             'v24hUSD': 1016767.5654260014},
            {'address': '6DEbzgDNQYkgk7sFZ1cTBjeUK9gpsLjgURY9EtHkpyCJ',
             'decimals': 9,
             'lastTradeUnixTime': 1712008569,
             'liquidity': 37287.5622803292,
             'logoURI': 'https://img.fotofolio.xyz/?url=https%3A%2F%2Fipfs.io%2Fipfs%2FQmTsXRSfQthQfcBu74w4ue7RxsU6pzrH1kDaZJ5KCYktkh',
             'mc': 301873.1529499458,
             'name': 'LURRY',
             'symbol': 'LURRY',
             'v24hChangePercent': -16.93972891842219,
             'v24hUSD': 267864.7978531285},
            {'address': 'Hfhibu4gTtWqwNzjHmCGLfzFBQ4MP4Kpy1FuZH7a5BNA',
             'decimals': 9,
             'lastTradeUnixTime': 1712005145,
             'liquidity': 0,
             'logoURI': 'https://img.fotofolio.xyz/?url=https%3A%2F%2Fbafkreiek4uz6sq3njcftauarlqvcynbz2dpbm6szswm2ovnx7ny7fv7mpa.ipfs.nftstorage.link',
             'mc': 301711.3668105962,
             'name': 'Your moms coin',
             'symbol': 'YMC',
             'v24hChangePercent': -99.6235657792985,
             'v24hUSD': 0.001525452304729261},
            {'address': 'EwmypSpsQk77ifmfy28ra1aN31ybxqWP3pcF7dYLps5y',
             'decimals': 6,
             'lastTradeUnixTime': 1712006262,
             'liquidity': 66206.3564453516,
             'logoURI': 'https://img.fotofolio.xyz/?url=https%3A%2F%2Fgateway.irys.xyz%2Fy2eXwvbcJtGqHXUhGwLe1tfbgwHacf1SvRgTMVA3jnA',
             'mc': 301656.7422034427,
             'name': 'tincatcoin',
             'symbol': 'TIN',
             'v24hChangePercent': -71.51280918618943,
             'v24hUSD': 2084.2941480159825},
            {'address': 'G2nzrYbHGSLdhc6idcSUXPL78H7UKXwcJ7tgnTVjeP5W',
             'decimals': 6,
             'lastTradeUnixTime': 1712008371,
             'liquidity': 34630.90558833932,
             'logoURI': 'https://img.fotofolio.xyz/?url=https%3A%2F%2Fipfs.io%2Fipfs%2FQmT9hnVwZuEUSgzZhfLq44UbFqGedfg11Xs9iQxU8XRisP',
             'mc': 301286.24990531884,
             'name': ' AuschwitzWoodenDoor',
             'symbol': 'WODNDOR',
             'v24hChangePercent': 24.22630181097131,
             'v24hUSD': 18779.77267154301},
            {'address': 'AbpeVDi32UWCYK3f6XDU76cdfTw2u7FLTJ39Q5RFuv6E',
             'decimals': 9,
             'lastTradeUnixTime': 1712008514,
             'liquidity': 218502.5000827359,
             'logoURI': 'https://img.fotofolio.xyz/?url=https%3A%2F%2Fbafybeifcov7vm4c5klb7jid54snbjvac3jel57zq7gdbxybf52vcasm2yu.ipfs.nftstorage.link',
             'mc': 300322.02361203,
             'name': 'Rocket Cat',
             'symbol': 'RCAT',
             'v24hChangePercent': -13.642516818485673,
             'v24hUSD': 86564.47178545909},
            {'address': '94sFWT94hg6qK9VtYwGz8VxbyEMaXf9H2U3HTTbofimy',
             'decimals': 5,
             'lastTradeUnixTime': 1712007503,
             'liquidity': 634723.1156855066,
             'logoURI': 'https://pbs.twimg.com/profile_images/1744073344713170944/X-lsmMYW_400x400.jpg',
             'mc': 300013.2101917736,
             'name': 'APING',
             'symbol': 'APING',
             'v24hChangePercent': -98.00389231471452,
             'v24hUSD': 259.65991515019846},
            {'address': '2bdyMUC4FZRQBxoVnWbZ6KxW5JE1whzhBo632ZpkdGLS',
             'decimals': 9,
             'lastTradeUnixTime': 1712008153,
             'liquidity': 28983.72870385228,
             'logoURI': 'https://img.fotofolio.xyz/?url=https%3A%2F%2Fbafybeiei7ams25bqhlwihynokze5pf2kff3gky67jcb26epwnslzb6hpzi.ipfs.nftstorage.link',
             'mc': 299796.58225320594,
             'name': 'Block Bounce',
             'symbol': 'Bounce',
             'v24hChangePercent': 1220.7858719911478,
             'v24hUSD': 126589.38577752991},
            {'address': '3eJJX4MdtUnbS2aZLMQzc8Ht39ybK1rdPZcHssqE4Hyx',
             'decimals': 9,
             'lastTradeUnixTime': 1712008711,
             'liquidity': 7115.08578772476,
             'logoURI': 'https://img.fotofolio.xyz/?url=https%3A%2F%2Fbafybeifgu75qtmtoi3iz2c67vpv2rpyekcnrjwksyqeplnlro6uxaezg7m.ipfs.nftstorage.link',
             'mc': 299431.719665711,
             'name': 'Total Solana Eclipse',
             'symbol': 'TSE',
             'v24hChangePercent': 59.09394265091324,
             'v24hUSD': 21314.137879657086}],
 'total': 261184,
 'updateTime': '2024-04-01T22:21:38',
 'updateUnixTime': 1712010098}
