APING Marketcap: 283569.29916610953 Liquidity: 634723.1156855066)
Open Exchange Token (Wormhole) Marketcap: 228040.2371677322 Liquidity: 584071.1047169461)
Feisty Doge NFT (Wormhole) Marketcap: 186153.81662245115 Liquidity: 419903.524151146)
ZORP Marketcap: 159220.24086265807 Liquidity: 493834.09363098623)
None Marketcap: 135035.5646743121 Liquidity: 344555.8662459824)
Uncle Urf Marketcap: 133410.76270062008 Liquidity: 273695.7908802093)
Nyan Cat Marketcap: 125439.37292765777 Liquidity: 270801.6281754005)
WALLi Marketcap: 116258.84683740628 Liquidity: 503676.2242905324)
dogcat Marketcap: 113728.13687898188 Liquidity: 228921.49348948308)
Poppy on SOL Marketcap: 111704.58102102391 Liquidity: 226356.3549458021)
None Marketcap: 85307.8676521334 Liquidity: 192317.9473261803)
Saber Wrapped USD Coin (9 decimals) Marketcap: 79291.69433296176 Liquidity: 364506.33342288435)
Solana Memdog Allegiance  Marketcap: 70425.7207924964 Liquidity: 213661.25011291634)
JustAnEgg Marketcap: 59333.112769198386 Liquidity: 272319.6694832839)
This is how I win Marketcap: 59005.3488042626 Liquidity: 166274.38329051354)
Sol Invictus Marketcap: 58810.13787563286 Liquidity: 397829.7040779473)
UwU Marketcap: 56461.856818866836 Liquidity: 114915.8364645078)
Grumpy Cat Marketcap: 56310.74387128464 Liquidity: 116077.64314064228)
King Slerf Marketcap: 56185.97821197443 Liquidity: 147254.96158502012)
Rose Marketcap: 52794.208533635145 Liquidity: 174928.5374056038)
BabyDoge 2.0 Marketcap: 48874.30387717649 Liquidity: 114133.65045009626)
Solephant Marketcap: 45990.402786641855 Liquidity: 161158.8140125834)
SOL ON-CHAIN AI Marketcap: 44386.269806748336 Liquidity: 160010.46685797695)
Cat Of Meme Marketcap: 38553.879298499414 Liquidity: 77451.99766047683)
Solareum Marketcap: 38198.5850857085 Liquidity: 93107.81939078606)
Fork Marketcap: 37083.17613111228 Liquidity: 75016.43659751579)
DAP! The Dapper Dog! Marketcap: 36561.49924825437 Liquidity: 128600.57066589023)
None Marketcap: 36248.100613528855 Liquidity: 77983.07985673711)
LARG Marketcap: 35893.31434530767 Liquidity: 93964.2484445073)
PEPY Marketcap: 32649.069501095437 Liquidity: 210519.41690509068)
MEME CULT Marketcap: 30821.316711388776 Liquidity: 85496.82362000077)
MEME MAFIA Marketcap: 30039.529195187628 Liquidity: 65561.45824332567)
